2026-02-28T21:43:50.406970Z  INFO node{idx=0}: reth::cli: Saving prune config to toml file
2026-02-28T21:43:50.407491Z  INFO node{idx=0}: reth::cli: Configuration loaded path="/var/folders/gn/8krhcpg563g0p6zyjrm6pr_c0000gq/T/reth-test-iZaMJRZv/reth.toml"
2026-02-28T21:43:50.408368Z  INFO node{idx=0}: reth::cli: Database opened
2026-02-28T21:43:50.709233Z  INFO node{idx=0}: reth::cli: 
Pre-merge hard forks (block based):
- Homestead                        @0
- Tangerine                        @0
- SpuriousDragon                   @0
- Byzantium                        @0
- Constantinople                   @0
- Petersburg                       @0
- Istanbul                         @0
- Berlin                           @0
- London                           @0
- Archimedes                       @0
- Bernoulli                        @0
- Curie                            @0

Post-merge hard forks (timestamp based):
- Shanghai                         @0
- Darwin                           @0
- DarwinV2                         @0
- Euclid                           @0
- EuclidV2                         @0
- Feynman                          @0
- Galileo                          @0
- GalileoV2                        @0
2026-02-28T21:43:50.711367Z  INFO node{idx=0}: reth::cli: Transaction pool initialized
2026-02-28T21:43:51.042445Z  INFO node{idx=0}: reth::cli: P2P networking initialized enode=enode://2c7946ba72f3c7890775cb525fd39dea7e107cdbe4c34d70909b19aeecf2866b48271d2c07b28d8e9420b954e40a137d66ccefbf3f8253a623a64dbf8c236b9d@127.0.0.1:54050
2026-02-28T21:43:51.043328Z  INFO node{idx=0}: reth::cli: StaticFileProducer initialized
2026-02-28T21:43:51.044182Z  INFO node{idx=0}: reth::cli: Verifying storage consistency.
2026-02-28T21:43:51.044675Z  INFO node{idx=0}: reth::cli: Pruner initialized prune_config=PruneConfig { block_interval: 5, segments: PruneModes { sender_recovery: None, transaction_lookup: None, receipts: None, account_history: None, storage_history: None, bodies_history: None, receipts_log_filter: ReceiptsLogPruneConfig({}) } }
2026-02-28T21:43:51.044846Z  INFO node{idx=0}: reth::cli: Creating JWT auth secret file path="/var/folders/gn/8krhcpg563g0p6zyjrm6pr_c0000gq/T/reth-test-iZaMJRZv/jwt.hex"
2026-02-28T21:43:51.046173Z  INFO node{idx=0}: reth::cli: Consensus engine initialized
2026-02-28T21:43:51.046732Z  INFO node{idx=0}: reth::cli: Engine API handler initialized
2026-02-28T21:43:51.051093Z  INFO node{idx=0}: reth::cli: RPC auth server started url=127.0.0.1:54051
2026-02-28T21:43:51.052733Z  INFO node{idx=0}: reth::cli: RPC IPC server started path=/tmp/reth.ipc-XtAHMyDd
2026-02-28T21:43:51.052777Z  INFO node{idx=0}: reth::cli: RPC HTTP server started url=127.0.0.1:54052
2026-02-28T21:43:51.052844Z  INFO node{idx=0}: rollup_node::args: Building rollup node with config:
ScrollRollupNodeConfig {
    test: true,
    consensus_args: ConsensusArgs {
        algorithm: Noop,
        authorized_signer: None,
    },
    database_args: RollupNodeDatabaseArgs {
        rn_db_path: None,
    },
    chain_orchestrator_args: ChainOrchestratorArgs {
        optimistic_sync_trigger: 100,
        chain_buffer_size: 100,
    },
    engine_driver_args: EngineDriverArgs {
        sync_at_startup: true,
    },
    blob_provider_args: BlobProviderArgs {
        beacon_node_urls: None,
        s3_url: None,
        anvil_url: None,
        mock: true,
        compute_units_per_second: 0,
        max_retries: 0,
        initial_backoff: 0,
    },
    l1_provider_args: L1ProviderArgs {
        url: None,
        compute_units_per_second: 10000,
        max_retries: 10,
        initial_backoff: 100,
        logs_query_block_range: 500,
        cache_max_items: 100,
    },
    sequencer_args: SequencerArgs {
        sequencer_enabled: true,
        auto_start: false,
        block_time: 100,
        payload_building_duration: 40,
        fee_recipient: 0x0000000000000000000000000000000000000000,
        l1_message_inclusion_mode: BlockDepth(
            0,
        ),
        allow_empty_blocks: true,
        max_l1_messages: None,
    },
    network_args: RollupNodeNetworkArgs {
        enable_eth_scroll_wire_bridge: true,
        enable_scroll_wire: true,
        sequencer_url: None,
        signer_address: None,
    },
    rpc_args: RpcArgs {
        basic_enabled: true,
        admin_enabled: true,
    },
    signer_args: SignerArgs {
        key_file: None,
        aws_kms_key_id: None,
        private_key: None,
    },
    gas_price_oracle_args: RollupNodeGasPriceOracleArgs {
        default_suggested_priority_fee: 0,
    },
    pprof_args: PprofArgs {
        enabled: false,
        addr: 0.0.0.0:6868,
        default_duration: 30,
    },
    database: Some(
        Database {
            database: Retry {
                inner: DatabaseInner {
                    connection: SqlxSqlitePoolConnection,
                    write_lock: Mutex {
                        data: (),
                    },
                    read_locks: Semaphore {
                        ll_sem: Semaphore {
                            permits: 5,
                        },
                        resource_span: Span {
                            name: "runtime.resource",
                            level: Level(
                                Trace,
                            ),
                            target: "tokio::sync::semaphore",
                            disabled: true,
                            module_path: "tokio::sync::semaphore",
                            line: 461,
                            file: "/Users/yiweichi/.cargo/registry/src/index.crates.io-1949cf8c6b5b557f/tokio-1.48.0/src/sync/semaphore.rs",
                        },
                    },
                    metrics: DatabaseMetrics,
                    tmp_dir: None,
                },
                max_retries: None,
                initial_delay_ms: 50,
                exponential_backoff: false,
                metrics: RetryMetrics,
            },
            metrics: {
                SetLatestL1BlockNumber: DatabaseOperationMetrics,
                InsertSignature: DatabaseOperationMetrics,
                DeleteBatchesGtBlockNumber: DatabaseOperationMetrics,
                GetL2BlockAndBatchInfoByHash: DatabaseOperationMetrics,
                GetLatestSafeL2Info: DatabaseOperationMetrics,
                RemoveL1BlockInfoLeq: DatabaseOperationMetrics,
                InsertL1Message: DatabaseOperationMetrics,
                DeleteL2BlocksGtBlockNumber: DatabaseOperationMetrics,
                GetBatchByIndex: DatabaseOperationMetrics,
                GetBatchByHash: DatabaseOperationMetrics,
                UpdateL1MessagesFromL2Blocks: DatabaseOperationMetrics,
                GetL2BlockInfoByNumber: DatabaseOperationMetrics,
                UpdateL1MessagesWithL2Block: DatabaseOperationMetrics,
                GetLatestL1BlockNumber: DatabaseOperationMetrics,
                PrepareOnStartup: DatabaseOperationMetrics,
                GetProcessedL1BlockNumber: DatabaseOperationMetrics,
                FinalizeConsolidatedBatches: DatabaseOperationMetrics,
                InsertBatch: DatabaseOperationMetrics,
                DeleteBatchesGtBatchIndex: DatabaseOperationMetrics,
                ChangeBatchProcessingToCommittedStatus: DatabaseOperationMetrics,
                GetLatestIndexedEventL1BlockNumber: DatabaseOperationMetrics,
                SetBatchRevertBlockNumberForBatchRange: DatabaseOperationMetrics,
                RemoveL1BlockInfoGt: DatabaseOperationMetrics,
                GetNL2BlockDataHint: DatabaseOperationMetrics,
                InsertBlocks: DatabaseOperationMetrics,
                GetHighestBlockForBatchHash: DatabaseOperationMetrics,
                GetHighestBlockForBatchIndex: DatabaseOperationMetrics,
                FetchAndUpdateUnprocessedFinalizedBatches: DatabaseOperationMetrics,
                DeleteBatchFinalizationGtBlockNumber: DatabaseOperationMetrics,
                GetBatchStatusByHash: DatabaseOperationMetrics,
                SetL2HeadBlockNumber: DatabaseOperationMetrics,
                GetFinalizedL1BlockNumber: DatabaseOperationMetrics,
                GetL2HeadBlockNumber: DatabaseOperationMetrics,
                GetMaxBlockDataHintBlockNumber: DatabaseOperationMetrics,
                DeleteL1MessagesGt: DatabaseOperationMetrics,
                SetFinalizedL1BlockNumber: DatabaseOperationMetrics,
                FinalizeBatchesUpToIndex: DatabaseOperationMetrics,
                SetProcessedL1BlockNumber: DatabaseOperationMetrics,
                DeleteBatchRevertGtBlockNumber: DatabaseOperationMetrics,
                UpdateSkippedL1Messages: DatabaseOperationMetrics,
                InsertBlock: DatabaseOperationMetrics,
                InsertGenesisBlock: DatabaseOperationMetrics,
                InsertBatchConsolidationOutcome: DatabaseOperationMetrics,
                Unwind: DatabaseOperationMetrics,
                PurgeL1MessageToL2BlockMappings: DatabaseOperationMetrics,
                InsertSignatures: DatabaseOperationMetrics,
                DeleteL2BlocksGtBatchIndex: DatabaseOperationMetrics,
                GetL1BlockInfo: DatabaseOperationMetrics,
                GetNL1Messages: DatabaseOperationMetrics,
                FetchAndUpdateUnprocessedCommittedBatches: DatabaseOperationMetrics,
                InsertL1BlockInfo: DatabaseOperationMetrics,
                UpdateBatchStatus: DatabaseOperationMetrics,
                GetSignature: DatabaseOperationMetrics,
            },
        },
    ),
}
2026-02-28T21:43:51.064554Z  INFO node{idx=0}: sea_orm_migration::migrator: Applying all pending migrations
2026-02-28T21:43:51.065361Z  INFO node{idx=0}: sea_orm_migration::migrator: Applying migration 'm20220101_000001_create_batch_commit_table'
2026-02-28T21:43:51.067186Z  INFO node{idx=0}: sea_orm_migration::migrator: Migration 'm20220101_000001_create_batch_commit_table' has been applied
2026-02-28T21:43:51.067516Z  INFO node{idx=0}: sea_orm_migration::migrator: Applying migration 'm20250304_125946_add_l1_msg_table'
2026-02-28T21:43:51.068230Z  INFO node{idx=0}: sea_orm_migration::migrator: Migration 'm20250304_125946_add_l1_msg_table' has been applied
2026-02-28T21:43:51.068443Z  INFO node{idx=0}: sea_orm_migration::migrator: Applying migration 'm20250408_132123_add_header_metadata'
2026-02-28T21:43:51.068589Z  INFO node{idx=0}: sea_orm_migration::migrator: Migration 'm20250408_132123_add_header_metadata' has been applied
2026-02-28T21:43:51.068836Z  INFO node{idx=0}: sea_orm_migration::migrator: Applying migration 'm20250408_150338_load_header_metadata'
2026-02-28T21:43:51.068857Z  INFO node{idx=0}: sea_orm_migration::migrator: Migration 'm20250408_150338_load_header_metadata' has been applied
2026-02-28T21:43:51.068947Z  INFO node{idx=0}: sea_orm_migration::migrator: Applying migration 'm20250411_072004_add_l2_block'
2026-02-28T21:43:51.070227Z  INFO node{idx=0}: sea_orm_migration::migrator: Migration 'm20250411_072004_add_l2_block' has been applied
2026-02-28T21:43:51.070456Z  INFO node{idx=0}: sea_orm_migration::migrator: Applying migration 'm20250616_223947_add_metadata'
2026-02-28T21:43:51.070832Z  INFO node{idx=0}: sea_orm_migration::migrator: Migration 'm20250616_223947_add_metadata' has been applied
2026-02-28T21:43:51.070949Z  INFO node{idx=0}: sea_orm_migration::migrator: Applying migration 'm20250904_175949_block_signature'
2026-02-28T21:43:51.071137Z  INFO node{idx=0}: sea_orm_migration::migrator: Migration 'm20250904_175949_block_signature' has been applied
2026-02-28T21:43:51.071353Z  INFO node{idx=0}: sea_orm_migration::migrator: Applying migration 'm20251028_110719_add_l1_block_table'
2026-02-28T21:43:51.071539Z  INFO node{idx=0}: sea_orm_migration::migrator: Migration 'm20251028_110719_add_l1_block_table' has been applied
2026-02-28T21:43:51.084817Z  INFO node{idx=0}: scroll::node::args: Starting engine driver fcs=ForkchoiceState { head: BlockInfo { number: 0, hash: 0x31ad487404525f8260b2d507892547a39850aa0280a2e4950438f444237fe4b7 }, safe: BlockInfo { number: 0, hash: 0x31ad487404525f8260b2d507892547a39850aa0280a2e4950438f444237fe4b7 }, finalized: BlockInfo { number: 0, hash: 0x31ad487404525f8260b2d507892547a39850aa0280a2e4950438f444237fe4b7 } } payload_building_duration=40
2026-02-28T21:43:51.084930Z  INFO node{idx=0}: scroll::providers: Running with mock blob provider - all other blob provider configurations are ignored
2026-02-28T21:43:51.086201Z  INFO scroll::derivation_pipeline: Starting derivation pipeline worker
2026-02-28T21:43:51.086241Z  INFO node{idx=0}: reth::cli: Starting consensus engine
2026-02-28T21:43:51.086783Z  INFO node{idx=0}: reth_node_events::node: Forkchoice updated head_block_hash=0x31ad487404525f8260b2d507892547a39850aa0280a2e4950438f444237fe4b7 safe_block_hash=0x31ad487404525f8260b2d507892547a39850aa0280a2e4950438f444237fe4b7 finalized_block_hash=0x31ad487404525f8260b2d507892547a39850aa0280a2e4950438f444237fe4b7
2026-02-28T21:43:51.091336Z  WARN node{idx=1}: reth_node_builder::launch::common: Failed to build global thread pool err=The global thread pool has already been initialized.
2026-02-28T21:43:51.091716Z  INFO node{idx=1}: reth::cli: Saving prune config to toml file
2026-02-28T21:43:51.092009Z  INFO node{idx=1}: reth::cli: Configuration loaded path="/var/folders/gn/8krhcpg563g0p6zyjrm6pr_c0000gq/T/reth-test-cUHZXmTP/reth.toml"
2026-02-28T21:43:51.092404Z  INFO node{idx=1}: reth::cli: Database opened
2026-02-28T21:43:51.191253Z  INFO node{idx=1}: reth::cli: 
Pre-merge hard forks (block based):
- Homestead                        @0
- Tangerine                        @0
- SpuriousDragon                   @0
- Byzantium                        @0
- Constantinople                   @0
- Petersburg                       @0
- Istanbul                         @0
- Berlin                           @0
- London                           @0
- Archimedes                       @0
- Bernoulli                        @0
- Curie                            @0

Post-merge hard forks (timestamp based):
- Shanghai                         @0
- Darwin                           @0
- DarwinV2                         @0
- Euclid                           @0
- EuclidV2                         @0
- Feynman                          @0
- Galileo                          @0
- GalileoV2                        @0
2026-02-28T21:43:51.192016Z  INFO node{idx=1}: reth::cli: Transaction pool initialized
2026-02-28T21:43:51.193456Z  INFO node{idx=1}: reth::cli: P2P networking initialized enode=enode://cfa09a330a1c50e7327a855a0a5074aa1591f3937c9d326d6d9d9e069a841edcedce392343a810c02306a28f0246202a5606f76ef740ee61259c3985e14bc7ed@127.0.0.1:54057
2026-02-28T21:43:51.193668Z  INFO node{idx=1}: reth::cli: StaticFileProducer initialized
2026-02-28T21:43:51.194044Z  INFO node{idx=1}: reth::cli: Verifying storage consistency.
2026-02-28T21:43:51.194351Z  INFO node{idx=1}: reth::cli: Pruner initialized prune_config=PruneConfig { block_interval: 5, segments: PruneModes { sender_recovery: None, transaction_lookup: None, receipts: None, account_history: None, storage_history: None, bodies_history: None, receipts_log_filter: ReceiptsLogPruneConfig({}) } }
2026-02-28T21:43:51.194465Z  INFO node{idx=1}: reth::cli: Creating JWT auth secret file path="/var/folders/gn/8krhcpg563g0p6zyjrm6pr_c0000gq/T/reth-test-cUHZXmTP/jwt.hex"
2026-02-28T21:43:51.195206Z  INFO node{idx=1}: reth::cli: Consensus engine initialized
2026-02-28T21:43:51.195371Z  INFO node{idx=1}: reth::cli: Engine API handler initialized
2026-02-28T21:43:51.197639Z  INFO node{idx=1}: reth::cli: RPC auth server started url=127.0.0.1:54058
2026-02-28T21:43:51.199146Z  INFO node{idx=1}: reth::cli: RPC IPC server started path=/tmp/reth.ipc-zgzTRK9I
2026-02-28T21:43:51.199156Z  INFO node{idx=1}: reth::cli: RPC HTTP server started url=127.0.0.1:54059
2026-02-28T21:43:51.199182Z  INFO node{idx=1}: rollup_node::args: Building rollup node with config:
ScrollRollupNodeConfig {
    test: true,
    consensus_args: ConsensusArgs {
        algorithm: Noop,
        authorized_signer: None,
    },
    database_args: RollupNodeDatabaseArgs {
        rn_db_path: None,
    },
    chain_orchestrator_args: ChainOrchestratorArgs {
        optimistic_sync_trigger: 100,
        chain_buffer_size: 100,
    },
    engine_driver_args: EngineDriverArgs {
        sync_at_startup: true,
    },
    blob_provider_args: BlobProviderArgs {
        beacon_node_urls: None,
        s3_url: None,
        anvil_url: None,
        mock: true,
        compute_units_per_second: 0,
        max_retries: 0,
        initial_backoff: 0,
    },
    l1_provider_args: L1ProviderArgs {
        url: None,
        compute_units_per_second: 10000,
        max_retries: 10,
        initial_backoff: 100,
        logs_query_block_range: 500,
        cache_max_items: 100,
    },
    sequencer_args: SequencerArgs {
        sequencer_enabled: false,
        auto_start: false,
        block_time: 100,
        payload_building_duration: 40,
        fee_recipient: 0x0000000000000000000000000000000000000000,
        l1_message_inclusion_mode: BlockDepth(
            0,
        ),
        allow_empty_blocks: true,
        max_l1_messages: None,
    },
    network_args: RollupNodeNetworkArgs {
        enable_eth_scroll_wire_bridge: true,
        enable_scroll_wire: true,
        sequencer_url: None,
        signer_address: None,
    },
    rpc_args: RpcArgs {
        basic_enabled: true,
        admin_enabled: true,
    },
    signer_args: SignerArgs {
        key_file: None,
        aws_kms_key_id: None,
        private_key: None,
    },
    gas_price_oracle_args: RollupNodeGasPriceOracleArgs {
        default_suggested_priority_fee: 0,
    },
    pprof_args: PprofArgs {
        enabled: false,
        addr: 0.0.0.0:6868,
        default_duration: 30,
    },
    database: Some(
        Database {
            database: Retry {
                inner: DatabaseInner {
                    connection: SqlxSqlitePoolConnection,
                    write_lock: Mutex {
                        data: (),
                    },
                    read_locks: Semaphore {
                        ll_sem: Semaphore {
                            permits: 5,
                        },
                        resource_span: Span {
                            name: "runtime.resource",
                            level: Level(
                                Trace,
                            ),
                            target: "tokio::sync::semaphore",
                            disabled: true,
                            module_path: "tokio::sync::semaphore",
                            line: 461,
                            file: "/Users/yiweichi/.cargo/registry/src/index.crates.io-1949cf8c6b5b557f/tokio-1.48.0/src/sync/semaphore.rs",
                        },
                    },
                    metrics: DatabaseMetrics,
                    tmp_dir: None,
                },
                max_retries: None,
                initial_delay_ms: 50,
                exponential_backoff: false,
                metrics: RetryMetrics,
            },
            metrics: {
                RemoveL1BlockInfoGt: DatabaseOperationMetrics,
                InsertBatchConsolidationOutcome: DatabaseOperationMetrics,
                DeleteBatchFinalizationGtBlockNumber: DatabaseOperationMetrics,
                ChangeBatchProcessingToCommittedStatus: DatabaseOperationMetrics,
                GetBatchByHash: DatabaseOperationMetrics,
                GetLatestIndexedEventL1BlockNumber: DatabaseOperationMetrics,
                GetFinalizedL1BlockNumber: DatabaseOperationMetrics,
                FetchAndUpdateUnprocessedCommittedBatches: DatabaseOperationMetrics,
                GetL1BlockInfo: DatabaseOperationMetrics,
                GetLatestL1BlockNumber: DatabaseOperationMetrics,
                GetNL1Messages: DatabaseOperationMetrics,
                PrepareOnStartup: DatabaseOperationMetrics,
                GetLatestSafeL2Info: DatabaseOperationMetrics,
                DeleteBatchRevertGtBlockNumber: DatabaseOperationMetrics,
                GetL2BlockAndBatchInfoByHash: DatabaseOperationMetrics,
                GetMaxBlockDataHintBlockNumber: DatabaseOperationMetrics,
                RemoveL1BlockInfoLeq: DatabaseOperationMetrics,
                SetL2HeadBlockNumber: DatabaseOperationMetrics,
                SetLatestL1BlockNumber: DatabaseOperationMetrics,
                DeleteL2BlocksGtBatchIndex: DatabaseOperationMetrics,
                InsertL1BlockInfo: DatabaseOperationMetrics,
                InsertBlocks: DatabaseOperationMetrics,
                GetProcessedL1BlockNumber: DatabaseOperationMetrics,
                GetL2HeadBlockNumber: DatabaseOperationMetrics,
                PurgeL1MessageToL2BlockMappings: DatabaseOperationMetrics,
                GetL2BlockInfoByNumber: DatabaseOperationMetrics,
                GetHighestBlockForBatchHash: DatabaseOperationMetrics,
                UpdateBatchStatus: DatabaseOperationMetrics,
                FinalizeConsolidatedBatches: DatabaseOperationMetrics,
                DeleteL2BlocksGtBlockNumber: DatabaseOperationMetrics,
                GetBatchStatusByHash: DatabaseOperationMetrics,
                GetNL2BlockDataHint: DatabaseOperationMetrics,
                Unwind: DatabaseOperationMetrics,
                InsertBatch: DatabaseOperationMetrics,
                UpdateL1MessagesWithL2Block: DatabaseOperationMetrics,
                InsertBlock: DatabaseOperationMetrics,
                InsertSignature: DatabaseOperationMetrics,
                InsertL1Message: DatabaseOperationMetrics,
                SetBatchRevertBlockNumberForBatchRange: DatabaseOperationMetrics,
                FetchAndUpdateUnprocessedFinalizedBatches: DatabaseOperationMetrics,
                InsertGenesisBlock: DatabaseOperationMetrics,
                DeleteBatchesGtBlockNumber: DatabaseOperationMetrics,
                GetSignature: DatabaseOperationMetrics,
                GetHighestBlockForBatchIndex: DatabaseOperationMetrics,
                UpdateSkippedL1Messages: DatabaseOperationMetrics,
                FinalizeBatchesUpToIndex: DatabaseOperationMetrics,
                DeleteBatchesGtBatchIndex: DatabaseOperationMetrics,
                DeleteL1MessagesGt: DatabaseOperationMetrics,
                InsertSignatures: DatabaseOperationMetrics,
                UpdateL1MessagesFromL2Blocks: DatabaseOperationMetrics,
                SetFinalizedL1BlockNumber: DatabaseOperationMetrics,
                SetProcessedL1BlockNumber: DatabaseOperationMetrics,
                GetBatchByIndex: DatabaseOperationMetrics,
            },
        },
    ),
}
2026-02-28T21:43:51.200044Z  INFO node{idx=1}: sea_orm_migration::migrator: Applying all pending migrations
2026-02-28T21:43:51.200464Z  INFO node{idx=1}: sea_orm_migration::migrator: Applying migration 'm20220101_000001_create_batch_commit_table'
2026-02-28T21:43:51.201783Z  INFO node{idx=1}: sea_orm_migration::migrator: Migration 'm20220101_000001_create_batch_commit_table' has been applied
2026-02-28T21:43:51.201950Z  INFO node{idx=1}: sea_orm_migration::migrator: Applying migration 'm20250304_125946_add_l1_msg_table'
2026-02-28T21:43:51.202505Z  INFO node{idx=1}: sea_orm_migration::migrator: Migration 'm20250304_125946_add_l1_msg_table' has been applied
2026-02-28T21:43:51.202685Z  INFO node{idx=1}: sea_orm_migration::migrator: Applying migration 'm20250408_132123_add_header_metadata'
2026-02-28T21:43:51.202825Z  INFO node{idx=1}: sea_orm_migration::migrator: Migration 'm20250408_132123_add_header_metadata' has been applied
2026-02-28T21:43:51.202995Z  INFO node{idx=1}: sea_orm_migration::migrator: Applying migration 'm20250408_150338_load_header_metadata'
2026-02-28T21:43:51.203004Z  INFO node{idx=1}: sea_orm_migration::migrator: Migration 'm20250408_150338_load_header_metadata' has been applied
2026-02-28T21:43:51.203080Z  INFO node{idx=1}: sea_orm_migration::migrator: Applying migration 'm20250411_072004_add_l2_block'
2026-02-28T21:43:51.204135Z  INFO node{idx=1}: sea_orm_migration::migrator: Migration 'm20250411_072004_add_l2_block' has been applied
2026-02-28T21:43:51.204345Z  INFO node{idx=1}: sea_orm_migration::migrator: Applying migration 'm20250616_223947_add_metadata'
2026-02-28T21:43:51.204660Z  INFO node{idx=1}: sea_orm_migration::migrator: Migration 'm20250616_223947_add_metadata' has been applied
2026-02-28T21:43:51.204786Z  INFO node{idx=1}: sea_orm_migration::migrator: Applying migration 'm20250904_175949_block_signature'
2026-02-28T21:43:51.204997Z  INFO node{idx=1}: sea_orm_migration::migrator: Migration 'm20250904_175949_block_signature' has been applied
2026-02-28T21:43:51.205234Z  INFO node{idx=1}: sea_orm_migration::migrator: Applying migration 'm20251028_110719_add_l1_block_table'
2026-02-28T21:43:51.205397Z  INFO node{idx=1}: sea_orm_migration::migrator: Migration 'm20251028_110719_add_l1_block_table' has been applied
2026-02-28T21:43:51.217263Z  INFO node{idx=1}: scroll::node::args: Starting engine driver fcs=ForkchoiceState { head: BlockInfo { number: 0, hash: 0x31ad487404525f8260b2d507892547a39850aa0280a2e4950438f444237fe4b7 }, safe: BlockInfo { number: 0, hash: 0x31ad487404525f8260b2d507892547a39850aa0280a2e4950438f444237fe4b7 }, finalized: BlockInfo { number: 0, hash: 0x31ad487404525f8260b2d507892547a39850aa0280a2e4950438f444237fe4b7 } } payload_building_duration=40
2026-02-28T21:43:51.217301Z  INFO node{idx=1}: scroll::providers: Running with mock blob provider - all other blob provider configurations are ignored
2026-02-28T21:43:51.218104Z  INFO node{idx=1}: reth::cli: Starting consensus engine
2026-02-28T21:43:51.218184Z  INFO scroll::derivation_pipeline: Starting derivation pipeline worker
2026-02-28T21:43:51.218451Z  INFO node{idx=1}: reth_node_events::node: Forkchoice updated head_block_hash=0x31ad487404525f8260b2d507892547a39850aa0280a2e4950438f444237fe4b7 safe_block_hash=0x31ad487404525f8260b2d507892547a39850aa0280a2e4950438f444237fe4b7 finalized_block_hash=0x31ad487404525f8260b2d507892547a39850aa0280a2e4950438f444237fe4b7
2026-02-28T21:43:54.049010Z  INFO node{idx=0}: reth::cli: Status connected_peers=0 latest_block=0
2026-02-28T21:43:54.197887Z  INFO node{idx=1}: reth::cli: Status connected_peers=0 latest_block=0
2026-02-28T21:43:56.048860Z  INFO node{idx=1}: reth_e2e_test_utils::network: Session established with peer: 0x2c7946ba72f3c7890775cb525fd39dea7e107cdbe4c34d70909b19aeecf2866b48271d2c07b28d8e9420b954e40a137d66ccefbf3f8253a623a64dbf8c236b9d
2026-02-28T21:43:56.049279Z  INFO node{idx=1}: reth_e2e_test_utils::network: Session established with peer: 0xcfa09a330a1c50e7327a855a0a5074aa1591f3937c9d326d6d9d9e069a841edcedce392343a810c02306a28f0246202a5606f76ef740ee61259c3985e14bc7ed
2026-02-28T21:43:56.054420Z  WARN node{idx=2}: reth_node_builder::launch::common: Failed to build global thread pool err=The global thread pool has already been initialized.
2026-02-28T21:43:56.054829Z  INFO node{idx=2}: reth::cli: Saving prune config to toml file
2026-02-28T21:43:56.055120Z  INFO node{idx=2}: reth::cli: Configuration loaded path="/var/folders/gn/8krhcpg563g0p6zyjrm6pr_c0000gq/T/reth-test-8ZDUdK4C/reth.toml"
2026-02-28T21:43:56.055462Z  INFO node{idx=2}: reth::cli: Database opened
2026-02-28T21:43:56.150611Z  INFO node{idx=2}: reth::cli: 
Pre-merge hard forks (block based):
- Homestead                        @0
- Tangerine                        @0
- SpuriousDragon                   @0
- Byzantium                        @0
- Constantinople                   @0
- Petersburg                       @0
- Istanbul                         @0
- Berlin                           @0
- London                           @0
- Archimedes                       @0
- Bernoulli                        @0
- Curie                            @0

Post-merge hard forks (timestamp based):
- Shanghai                         @0
- Darwin                           @0
- DarwinV2                         @0
- Euclid                           @0
- EuclidV2                         @0
- Feynman                          @0
- Galileo                          @0
- GalileoV2                        @0
2026-02-28T21:43:56.151341Z  INFO node{idx=2}: reth::cli: Transaction pool initialized
2026-02-28T21:43:56.152842Z  INFO node{idx=2}: reth::cli: P2P networking initialized enode=enode://ea6b5b34ec929761f5c81c9fc4a6e4ffb08788e8f63b8b98a44dbcb59273169ca325ed44bed4abaf754ceac1bb3d1d9fde4bb409a09e260be3dbc75f74c9cc1b@127.0.0.1:54091
2026-02-28T21:43:56.153069Z  INFO node{idx=2}: reth::cli: StaticFileProducer initialized
2026-02-28T21:43:56.153465Z  INFO node{idx=2}: reth::cli: Verifying storage consistency.
2026-02-28T21:43:56.153750Z  INFO node{idx=2}: reth::cli: Pruner initialized prune_config=PruneConfig { block_interval: 5, segments: PruneModes { sender_recovery: None, transaction_lookup: None, receipts: None, account_history: None, storage_history: None, bodies_history: None, receipts_log_filter: ReceiptsLogPruneConfig({}) } }
2026-02-28T21:43:56.153868Z  INFO node{idx=2}: reth::cli: Creating JWT auth secret file path="/var/folders/gn/8krhcpg563g0p6zyjrm6pr_c0000gq/T/reth-test-8ZDUdK4C/jwt.hex"
2026-02-28T21:43:56.154645Z  INFO node{idx=2}: reth::cli: Consensus engine initialized
2026-02-28T21:43:56.154823Z  INFO node{idx=2}: reth::cli: Engine API handler initialized
2026-02-28T21:43:56.157167Z  INFO node{idx=2}: reth::cli: RPC auth server started url=127.0.0.1:54092
2026-02-28T21:43:56.158703Z  INFO node{idx=2}: reth::cli: RPC IPC server started path=/tmp/reth.ipc-qrCb89S4
2026-02-28T21:43:56.158716Z  INFO node{idx=2}: reth::cli: RPC HTTP server started url=127.0.0.1:54093
2026-02-28T21:43:56.158750Z  INFO node{idx=2}: rollup_node::args: Building rollup node with config:
ScrollRollupNodeConfig {
    test: true,
    consensus_args: ConsensusArgs {
        algorithm: Noop,
        authorized_signer: None,
    },
    database_args: RollupNodeDatabaseArgs {
        rn_db_path: None,
    },
    chain_orchestrator_args: ChainOrchestratorArgs {
        optimistic_sync_trigger: 100,
        chain_buffer_size: 100,
    },
    engine_driver_args: EngineDriverArgs {
        sync_at_startup: true,
    },
    blob_provider_args: BlobProviderArgs {
        beacon_node_urls: None,
        s3_url: None,
        anvil_url: None,
        mock: true,
        compute_units_per_second: 0,
        max_retries: 0,
        initial_backoff: 0,
    },
    l1_provider_args: L1ProviderArgs {
        url: None,
        compute_units_per_second: 10000,
        max_retries: 10,
        initial_backoff: 100,
        logs_query_block_range: 500,
        cache_max_items: 100,
    },
    sequencer_args: SequencerArgs {
        sequencer_enabled: false,
        auto_start: false,
        block_time: 100,
        payload_building_duration: 40,
        fee_recipient: 0x0000000000000000000000000000000000000000,
        l1_message_inclusion_mode: BlockDepth(
            0,
        ),
        allow_empty_blocks: true,
        max_l1_messages: None,
    },
    network_args: RollupNodeNetworkArgs {
        enable_eth_scroll_wire_bridge: true,
        enable_scroll_wire: true,
        sequencer_url: None,
        signer_address: None,
    },
    rpc_args: RpcArgs {
        basic_enabled: true,
        admin_enabled: true,
    },
    signer_args: SignerArgs {
        key_file: None,
        aws_kms_key_id: None,
        private_key: None,
    },
    gas_price_oracle_args: RollupNodeGasPriceOracleArgs {
        default_suggested_priority_fee: 0,
    },
    pprof_args: PprofArgs {
        enabled: false,
        addr: 0.0.0.0:6868,
        default_duration: 30,
    },
    database: Some(
        Database {
            database: Retry {
                inner: DatabaseInner {
                    connection: SqlxSqlitePoolConnection,
                    write_lock: Mutex {
                        data: (),
                    },
                    read_locks: Semaphore {
                        ll_sem: Semaphore {
                            permits: 5,
                        },
                        resource_span: Span {
                            name: "runtime.resource",
                            level: Level(
                                Trace,
                            ),
                            target: "tokio::sync::semaphore",
                            disabled: true,
                            module_path: "tokio::sync::semaphore",
                            line: 461,
                            file: "/Users/yiweichi/.cargo/registry/src/index.crates.io-1949cf8c6b5b557f/tokio-1.48.0/src/sync/semaphore.rs",
                        },
                    },
                    metrics: DatabaseMetrics,
                    tmp_dir: None,
                },
                max_retries: None,
                initial_delay_ms: 50,
                exponential_backoff: false,
                metrics: RetryMetrics,
            },
            metrics: {
                DeleteL1MessagesGt: DatabaseOperationMetrics,
                DeleteBatchesGtBlockNumber: DatabaseOperationMetrics,
                DeleteBatchesGtBatchIndex: DatabaseOperationMetrics,
                DeleteL2BlocksGtBlockNumber: DatabaseOperationMetrics,
                RemoveL1BlockInfoGt: DatabaseOperationMetrics,
                FinalizeBatchesUpToIndex: DatabaseOperationMetrics,
                UpdateBatchStatus: DatabaseOperationMetrics,
                SetLatestL1BlockNumber: DatabaseOperationMetrics,
                PrepareOnStartup: DatabaseOperationMetrics,
                UpdateL1MessagesWithL2Block: DatabaseOperationMetrics,
                InsertBatch: DatabaseOperationMetrics,
                InsertBatchConsolidationOutcome: DatabaseOperationMetrics,
                UpdateSkippedL1Messages: DatabaseOperationMetrics,
                UpdateL1MessagesFromL2Blocks: DatabaseOperationMetrics,
                GetBatchByIndex: DatabaseOperationMetrics,
                GetLatestIndexedEventL1BlockNumber: DatabaseOperationMetrics,
                DeleteL2BlocksGtBatchIndex: DatabaseOperationMetrics,
                GetL1BlockInfo: DatabaseOperationMetrics,
                GetLatestL1BlockNumber: DatabaseOperationMetrics,
                InsertBlocks: DatabaseOperationMetrics,
                GetL2HeadBlockNumber: DatabaseOperationMetrics,
                SetFinalizedL1BlockNumber: DatabaseOperationMetrics,
                GetLatestSafeL2Info: DatabaseOperationMetrics,
                ChangeBatchProcessingToCommittedStatus: DatabaseOperationMetrics,
                InsertL1Message: DatabaseOperationMetrics,
                SetL2HeadBlockNumber: DatabaseOperationMetrics,
                FetchAndUpdateUnprocessedCommittedBatches: DatabaseOperationMetrics,
                SetBatchRevertBlockNumberForBatchRange: DatabaseOperationMetrics,
                PurgeL1MessageToL2BlockMappings: DatabaseOperationMetrics,
                SetProcessedL1BlockNumber: DatabaseOperationMetrics,
                Unwind: DatabaseOperationMetrics,
                InsertSignatures: DatabaseOperationMetrics,
                InsertBlock: DatabaseOperationMetrics,
                GetBatchStatusByHash: DatabaseOperationMetrics,
                FetchAndUpdateUnprocessedFinalizedBatches: DatabaseOperationMetrics,
                DeleteBatchFinalizationGtBlockNumber: DatabaseOperationMetrics,
                GetProcessedL1BlockNumber: DatabaseOperationMetrics,
                InsertSignature: DatabaseOperationMetrics,
                GetNL1Messages: DatabaseOperationMetrics,
                GetHighestBlockForBatchHash: DatabaseOperationMetrics,
                GetSignature: DatabaseOperationMetrics,
                GetBatchByHash: DatabaseOperationMetrics,
                GetL2BlockAndBatchInfoByHash: DatabaseOperationMetrics,
                DeleteBatchRevertGtBlockNumber: DatabaseOperationMetrics,
                GetHighestBlockForBatchIndex: DatabaseOperationMetrics,
                GetL2BlockInfoByNumber: DatabaseOperationMetrics,
                RemoveL1BlockInfoLeq: DatabaseOperationMetrics,
                InsertGenesisBlock: DatabaseOperationMetrics,
                FinalizeConsolidatedBatches: DatabaseOperationMetrics,
                GetFinalizedL1BlockNumber: DatabaseOperationMetrics,
                GetNL2BlockDataHint: DatabaseOperationMetrics,
                GetMaxBlockDataHintBlockNumber: DatabaseOperationMetrics,
                InsertL1BlockInfo: DatabaseOperationMetrics,
            },
        },
    ),
}
2026-02-28T21:43:56.159884Z  INFO node{idx=2}: sea_orm_migration::migrator: Applying all pending migrations
2026-02-28T21:43:56.160342Z  INFO node{idx=2}: sea_orm_migration::migrator: Applying migration 'm20220101_000001_create_batch_commit_table'
2026-02-28T21:43:56.161800Z  INFO node{idx=2}: sea_orm_migration::migrator: Migration 'm20220101_000001_create_batch_commit_table' has been applied
2026-02-28T21:43:56.161976Z  INFO node{idx=2}: sea_orm_migration::migrator: Applying migration 'm20250304_125946_add_l1_msg_table'
2026-02-28T21:43:56.162509Z  INFO node{idx=2}: sea_orm_migration::migrator: Migration 'm20250304_125946_add_l1_msg_table' has been applied
2026-02-28T21:43:56.162675Z  INFO node{idx=2}: sea_orm_migration::migrator: Applying migration 'm20250408_132123_add_header_metadata'
2026-02-28T21:43:56.162811Z  INFO node{idx=2}: sea_orm_migration::migrator: Migration 'm20250408_132123_add_header_metadata' has been applied
2026-02-28T21:43:56.162992Z  INFO node{idx=2}: sea_orm_migration::migrator: Applying migration 'm20250408_150338_load_header_metadata'
2026-02-28T21:43:56.163002Z  INFO node{idx=2}: sea_orm_migration::migrator: Migration 'm20250408_150338_load_header_metadata' has been applied
2026-02-28T21:43:56.163086Z  INFO node{idx=2}: sea_orm_migration::migrator: Applying migration 'm20250411_072004_add_l2_block'
2026-02-28T21:43:56.164158Z  INFO node{idx=2}: sea_orm_migration::migrator: Migration 'm20250411_072004_add_l2_block' has been applied
2026-02-28T21:43:56.164355Z  INFO node{idx=2}: sea_orm_migration::migrator: Applying migration 'm20250616_223947_add_metadata'
2026-02-28T21:43:56.164677Z  INFO node{idx=2}: sea_orm_migration::migrator: Migration 'm20250616_223947_add_metadata' has been applied
2026-02-28T21:43:56.164779Z  INFO node{idx=2}: sea_orm_migration::migrator: Applying migration 'm20250904_175949_block_signature'
2026-02-28T21:43:56.164951Z  INFO node{idx=2}: sea_orm_migration::migrator: Migration 'm20250904_175949_block_signature' has been applied
2026-02-28T21:43:56.165157Z  INFO node{idx=2}: sea_orm_migration::migrator: Applying migration 'm20251028_110719_add_l1_block_table'
2026-02-28T21:43:56.165315Z  INFO node{idx=2}: sea_orm_migration::migrator: Migration 'm20251028_110719_add_l1_block_table' has been applied
2026-02-28T21:43:56.172044Z  INFO node{idx=2}: scroll::node::args: Starting engine driver fcs=ForkchoiceState { head: BlockInfo { number: 0, hash: 0x31ad487404525f8260b2d507892547a39850aa0280a2e4950438f444237fe4b7 }, safe: BlockInfo { number: 0, hash: 0x31ad487404525f8260b2d507892547a39850aa0280a2e4950438f444237fe4b7 }, finalized: BlockInfo { number: 0, hash: 0x31ad487404525f8260b2d507892547a39850aa0280a2e4950438f444237fe4b7 } } payload_building_duration=40
2026-02-28T21:43:56.172099Z  INFO node{idx=2}: scroll::providers: Running with mock blob provider - all other blob provider configurations are ignored
2026-02-28T21:43:56.172971Z  INFO node{idx=2}: reth::cli: Starting consensus engine
2026-02-28T21:43:56.173156Z  INFO scroll::derivation_pipeline: Starting derivation pipeline worker
2026-02-28T21:43:56.173369Z  INFO node{idx=2}: reth_node_events::node: Forkchoice updated head_block_hash=0x31ad487404525f8260b2d507892547a39850aa0280a2e4950438f444237fe4b7 safe_block_hash=0x31ad487404525f8260b2d507892547a39850aa0280a2e4950438f444237fe4b7 finalized_block_hash=0x31ad487404525f8260b2d507892547a39850aa0280a2e4950438f444237fe4b7
2026-02-28T21:43:56.200224Z  INFO node{idx=2}: reth_e2e_test_utils::network: Session established with peer: 0xcfa09a330a1c50e7327a855a0a5074aa1591f3937c9d326d6d9d9e069a841edcedce392343a810c02306a28f0246202a5606f76ef740ee61259c3985e14bc7ed
2026-02-28T21:43:56.200583Z  INFO node{idx=2}: reth_e2e_test_utils::network: Session established with peer: 0xea6b5b34ec929761f5c81c9fc4a6e4ffb08788e8f63b8b98a44dbcb59273169ca325ed44bed4abaf754ceac1bb3d1d9fde4bb409a09e260be3dbc75f74c9cc1b
2026-02-28T21:43:59.155517Z  INFO node{idx=2}: reth::cli: Status connected_peers=1 latest_block=0
2026-02-28T21:44:01.171492Z  INFO node{idx=2}: reth_e2e_test_utils::network: Session established with peer: 0xea6b5b34ec929761f5c81c9fc4a6e4ffb08788e8f63b8b98a44dbcb59273169ca325ed44bed4abaf754ceac1bb3d1d9fde4bb409a09e260be3dbc75f74c9cc1b
2026-02-28T21:44:01.172460Z  INFO node{idx=2}: reth_e2e_test_utils::network: Session established with peer: 0x2c7946ba72f3c7890775cb525fd39dea7e107cdbe4c34d70909b19aeecf2866b48271d2c07b28d8e9420b954e40a137d66ccefbf3f8253a623a64dbf8c236b9d
2026-02-28T21:45:09.048451Z  INFO node{idx=0}: reth::cli: Status connected_peers=2 latest_block=0
2026-02-28T21:45:09.196777Z  INFO node{idx=1}: reth::cli: Status connected_peers=2 latest_block=0
2026-02-28T21:45:14.155828Z  INFO node{idx=2}: reth::cli: Status connected_peers=2 latest_block=0
2026-02-28T21:46:24.047569Z  INFO node{idx=0}: reth::cli: Status connected_peers=2 latest_block=0
2026-02-28T21:46:24.197183Z  INFO node{idx=1}: reth::cli: Status connected_peers=2 latest_block=0
2026-02-28T21:46:29.157143Z  INFO node{idx=2}: reth::cli: Status connected_peers=2 latest_block=0
2026-02-28T21:47:39.049111Z  INFO node{idx=0}: reth::cli: Status connected_peers=2 latest_block=0
2026-02-28T21:47:39.197265Z  INFO node{idx=1}: reth::cli: Status connected_peers=2 latest_block=0
2026-02-28T21:47:44.156893Z  INFO node{idx=2}: reth::cli: Status connected_peers=2 latest_block=0
2026-02-28T21:48:51.047833Z  WARN node{idx=0}: reth_node_events::node: Beacon client online, but no consensus updates received for a while. This may be because of a reth error, or an error in the beacon client! Please investigate reth and beacon client logs! period=299.960894208s
2026-02-28T21:48:51.197405Z  WARN node{idx=1}: reth_node_events::node: Beacon client online, but no consensus updates received for a while. This may be because of a reth error, or an error in the beacon client! Please investigate reth and beacon client logs! period=299.978783875s
2026-02-28T21:48:54.048042Z  INFO node{idx=0}: reth::cli: Status connected_peers=2 latest_block=0
2026-02-28T21:48:54.197587Z  INFO node{idx=1}: reth::cli: Status connected_peers=2 latest_block=0
2026-02-28T21:48:56.155756Z  WARN node{idx=2}: reth_node_events::node: Beacon client online, but no consensus updates received for a while. This may be because of a reth error, or an error in the beacon client! Please investigate reth and beacon client logs! period=299.982226708s
2026-02-28T21:48:59.156789Z  INFO node{idx=2}: reth::cli: Status connected_peers=2 latest_block=0
2026-02-28T21:50:09.048829Z  INFO node{idx=0}: reth::cli: Status connected_peers=2 latest_block=0
2026-02-28T21:50:09.197745Z  INFO node{idx=1}: reth::cli: Status connected_peers=2 latest_block=0
2026-02-28T21:50:14.156482Z  INFO node{idx=2}: reth::cli: Status connected_peers=2 latest_block=0
2026-02-28T21:51:24.048875Z  INFO node{idx=0}: reth::cli: Status connected_peers=2 latest_block=0
2026-02-28T21:51:24.198359Z  INFO node{idx=1}: reth::cli: Status connected_peers=2 latest_block=0
2026-02-28T21:51:29.156899Z  INFO node{idx=2}: reth::cli: Status connected_peers=2 latest_block=0
2026-02-28T21:52:39.059531Z  INFO node{idx=0}: reth::cli: Status connected_peers=2 latest_block=0
2026-02-28T21:52:39.207785Z  INFO node{idx=1}: reth::cli: Status connected_peers=2 latest_block=0
2026-02-28T21:52:44.166739Z  INFO node{idx=2}: reth::cli: Status connected_peers=2 latest_block=0
2026-02-28T21:53:51.059649Z  WARN node{idx=0}: reth_node_events::node: Beacon client online, but no consensus updates received for a while. This may be because of a reth error, or an error in the beacon client! Please investigate reth and beacon client logs! period=599.961285583s
2026-02-28T21:53:51.077389Z  INFO node{idx=0}: scroll::db::maintenance: running periodic PRAGMA optimize...
2026-02-28T21:53:51.082726Z  INFO node{idx=0}: scroll::db::maintenance: periodic PRAGMA optimize complete.
2026-02-28T21:53:51.208471Z  WARN node{idx=1}: reth_node_events::node: Beacon client online, but no consensus updates received for a while. This may be because of a reth error, or an error in the beacon client! Please investigate reth and beacon client logs! period=599.978363416s
2026-02-28T21:53:51.213024Z  INFO node{idx=1}: scroll::db::maintenance: running periodic PRAGMA optimize...
2026-02-28T21:53:51.218303Z  INFO node{idx=1}: scroll::db::maintenance: periodic PRAGMA optimize complete.
2026-02-28T21:53:54.059664Z  INFO node{idx=0}: reth::cli: Status connected_peers=2 latest_block=0
2026-02-28T21:53:54.209226Z  INFO node{idx=1}: reth::cli: Status connected_peers=2 latest_block=0
2026-02-28T21:53:56.167599Z  WARN node{idx=2}: reth_node_events::node: Beacon client online, but no consensus updates received for a while. This may be because of a reth error, or an error in the beacon client! Please investigate reth and beacon client logs! period=599.982586458s
2026-02-28T21:53:56.172224Z  INFO node{idx=2}: scroll::db::maintenance: running periodic PRAGMA optimize...
2026-02-28T21:53:56.173228Z  INFO node{idx=2}: scroll::db::maintenance: periodic PRAGMA optimize complete.
2026-02-28T21:53:59.167584Z  INFO node{idx=2}: reth::cli: Status connected_peers=2 latest_block=0
2026-02-28T21:55:09.060113Z  INFO node{idx=0}: reth::cli: Status connected_peers=2 latest_block=0
2026-02-28T21:55:09.209947Z  INFO node{idx=1}: reth::cli: Status connected_peers=2 latest_block=0
2026-02-28T21:55:14.168964Z  INFO node{idx=2}: reth::cli: Status connected_peers=2 latest_block=0
2026-02-28T21:56:24.060128Z  INFO node{idx=0}: reth::cli: Status connected_peers=2 latest_block=0
2026-02-28T21:56:24.209790Z  INFO node{idx=1}: reth::cli: Status connected_peers=2 latest_block=0
2026-02-28T21:56:29.169254Z  INFO node{idx=2}: reth::cli: Status connected_peers=2 latest_block=0
2026-02-28T21:57:39.061349Z  INFO node{idx=0}: reth::cli: Status connected_peers=2 latest_block=0
2026-02-28T21:57:39.210343Z  INFO node{idx=1}: reth::cli: Status connected_peers=2 latest_block=0
2026-02-28T21:57:44.168842Z  INFO node{idx=2}: reth::cli: Status connected_peers=2 latest_block=0
2026-02-28T21:58:51.060516Z  WARN node{idx=0}: reth_node_events::node: Beacon client online, but no consensus updates received for a while. This may be because of a reth error, or an error in the beacon client! Please investigate reth and beacon client logs! period=899.961098583s
2026-02-28T21:58:51.209873Z  WARN node{idx=1}: reth_node_events::node: Beacon client online, but no consensus updates received for a while. This may be because of a reth error, or an error in the beacon client! Please investigate reth and beacon client logs! period=899.978732791s
2026-02-28T21:58:54.061222Z  INFO node{idx=0}: reth::cli: Status connected_peers=2 latest_block=0
2026-02-28T21:58:54.209690Z  INFO node{idx=1}: reth::cli: Status connected_peers=2 latest_block=0
2026-02-28T21:58:56.168647Z  WARN node{idx=2}: reth_node_events::node: Beacon client online, but no consensus updates received for a while. This may be because of a reth error, or an error in the beacon client! Please investigate reth and beacon client logs! period=899.982594875s
2026-02-28T21:58:59.169032Z  INFO node{idx=2}: reth::cli: Status connected_peers=2 latest_block=0
2026-02-28T22:00:09.061569Z  INFO node{idx=0}: reth::cli: Status connected_peers=2 latest_block=0
2026-02-28T22:00:09.210622Z  INFO node{idx=1}: reth::cli: Status connected_peers=2 latest_block=0
2026-02-28T22:00:14.170030Z  INFO node{idx=2}: reth::cli: Status connected_peers=2 latest_block=0
2026-02-28T22:01:24.062891Z  INFO node{idx=0}: reth::cli: Status connected_peers=2 latest_block=0
2026-02-28T22:01:24.212286Z  INFO node{idx=1}: reth::cli: Status connected_peers=2 latest_block=0
2026-02-28T22:01:29.168763Z  INFO node{idx=2}: reth::cli: Status connected_peers=2 latest_block=0
2026-02-28T22:02:39.061769Z  INFO node{idx=0}: reth::cli: Status connected_peers=2 latest_block=0
2026-02-28T22:02:39.210756Z  INFO node{idx=1}: reth::cli: Status connected_peers=2 latest_block=0
2026-02-28T22:02:44.169653Z  INFO node{idx=2}: reth::cli: Status connected_peers=2 latest_block=0
2026-02-28T22:03:51.061413Z  WARN node{idx=0}: reth_node_events::node: Beacon client online, but no consensus updates received for a while. This may be because of a reth error, or an error in the beacon client! Please investigate reth and beacon client logs! period=1199.961018041s
2026-02-28T22:03:51.086987Z  INFO node{idx=0}: scroll::db::maintenance: running periodic PRAGMA optimize...
2026-02-28T22:03:51.088233Z  INFO node{idx=0}: scroll::db::maintenance: periodic PRAGMA optimize complete.
2026-02-28T22:03:51.210410Z  WARN node{idx=1}: reth_node_events::node: Beacon client online, but no consensus updates received for a while. This may be because of a reth error, or an error in the beacon client! Please investigate reth and beacon client logs! period=1199.978263916s
2026-02-28T22:03:51.222668Z  INFO node{idx=1}: scroll::db::maintenance: running periodic PRAGMA optimize...
2026-02-28T22:03:51.225178Z  INFO node{idx=1}: scroll::db::maintenance: periodic PRAGMA optimize complete.
2026-02-28T22:03:54.062590Z  INFO node{idx=0}: reth::cli: Status connected_peers=2 latest_block=0
2026-02-28T22:03:54.211394Z  INFO node{idx=1}: reth::cli: Status connected_peers=2 latest_block=0
2026-02-28T22:03:56.169613Z  WARN node{idx=2}: reth_node_events::node: Beacon client online, but no consensus updates received for a while. This may be because of a reth error, or an error in the beacon client! Please investigate reth and beacon client logs! period=1199.982559458s
2026-02-28T22:03:56.176544Z  INFO node{idx=2}: scroll::db::maintenance: running periodic PRAGMA optimize...
2026-02-28T22:03:56.177380Z  INFO node{idx=2}: scroll::db::maintenance: periodic PRAGMA optimize complete.
2026-02-28T22:03:59.170127Z  INFO node{idx=2}: reth::cli: Status connected_peers=2 latest_block=0
2026-02-28T22:05:09.062486Z  INFO node{idx=0}: reth::cli: Status connected_peers=2 latest_block=0
2026-02-28T22:05:09.211903Z  INFO node{idx=1}: reth::cli: Status connected_peers=2 latest_block=0
2026-02-28T22:05:14.170299Z  INFO node{idx=2}: reth::cli: Status connected_peers=2 latest_block=0
2026-02-28T22:06:24.061903Z  INFO node{idx=0}: reth::cli: Status connected_peers=2 latest_block=0
2026-02-28T22:06:24.211886Z  INFO node{idx=1}: reth::cli: Status connected_peers=2 latest_block=0
2026-02-28T22:06:29.170980Z  INFO node{idx=2}: reth::cli: Status connected_peers=2 latest_block=0
2026-02-28T22:07:39.061707Z  INFO node{idx=0}: reth::cli: Status connected_peers=2 latest_block=0
2026-02-28T22:07:39.212472Z  INFO node{idx=1}: reth::cli: Status connected_peers=2 latest_block=0
2026-02-28T22:07:44.170640Z  INFO node{idx=2}: reth::cli: Status connected_peers=2 latest_block=0
2026-02-28T22:08:51.062600Z  WARN node{idx=0}: reth_node_events::node: Beacon client online, but no consensus updates received for a while. This may be because of a reth error, or an error in the beacon client! Please investigate reth and beacon client logs! period=1499.961128958s
2026-02-28T22:08:51.211571Z  WARN node{idx=1}: reth_node_events::node: Beacon client online, but no consensus updates received for a while. This may be because of a reth error, or an error in the beacon client! Please investigate reth and beacon client logs! period=1499.97840675s
2026-02-28T22:08:54.063021Z  INFO node{idx=0}: reth::cli: Status connected_peers=2 latest_block=0
2026-02-28T22:08:54.211364Z  INFO node{idx=1}: reth::cli: Status connected_peers=2 latest_block=0
2026-02-28T22:08:56.170417Z  WARN node{idx=2}: reth_node_events::node: Beacon client online, but no consensus updates received for a while. This may be because of a reth error, or an error in the beacon client! Please investigate reth and beacon client logs! period=1499.982343833s
2026-02-28T22:08:59.170985Z  INFO node{idx=2}: reth::cli: Status connected_peers=2 latest_block=0
2026-02-28T22:10:09.063705Z  INFO node{idx=0}: reth::cli: Status connected_peers=2 latest_block=0
2026-02-28T22:10:09.212789Z  INFO node{idx=1}: reth::cli: Status connected_peers=2 latest_block=0
2026-02-28T22:10:14.172080Z  INFO node{idx=2}: reth::cli: Status connected_peers=2 latest_block=0
2026-02-28T22:11:24.062679Z  INFO node{idx=0}: reth::cli: Status connected_peers=2 latest_block=0
2026-02-28T22:11:24.211510Z  INFO node{idx=1}: reth::cli: Status connected_peers=2 latest_block=0
2026-02-28T22:11:29.172009Z  INFO node{idx=2}: reth::cli: Status connected_peers=2 latest_block=0
2026-02-28T22:12:39.064411Z  INFO node{idx=0}: reth::cli: Status connected_peers=2 latest_block=0
2026-02-28T22:12:39.212779Z  INFO node{idx=1}: reth::cli: Status connected_peers=2 latest_block=0
2026-02-28T22:12:44.171608Z  INFO node{idx=2}: reth::cli: Status connected_peers=2 latest_block=0
2026-02-28T22:13:51.064166Z  WARN node{idx=0}: reth_node_events::node: Beacon client online, but no consensus updates received for a while. This may be because of a reth error, or an error in the beacon client! Please investigate reth and beacon client logs! period=1799.961742041s
2026-02-28T22:13:51.092260Z  INFO node{idx=0}: scroll::db::maintenance: running periodic PRAGMA optimize...
2026-02-28T22:13:51.094329Z  INFO node{idx=0}: scroll::db::maintenance: periodic PRAGMA optimize complete.
2026-02-28T22:13:51.212373Z  WARN node{idx=1}: reth_node_events::node: Beacon client online, but no consensus updates received for a while. This may be because of a reth error, or an error in the beacon client! Please investigate reth and beacon client logs! period=1799.978200416s
2026-02-28T22:13:51.228928Z  INFO node{idx=1}: scroll::db::maintenance: running periodic PRAGMA optimize...
2026-02-28T22:13:51.232176Z  INFO node{idx=1}: scroll::db::maintenance: periodic PRAGMA optimize complete.
2026-02-28T22:13:54.064007Z  INFO node{idx=0}: reth::cli: Status connected_peers=2 latest_block=0
2026-02-28T22:13:54.212978Z  INFO node{idx=1}: reth::cli: Status connected_peers=2 latest_block=0
2026-02-28T22:13:56.171567Z  WARN node{idx=2}: reth_node_events::node: Beacon client online, but no consensus updates received for a while. This may be because of a reth error, or an error in the beacon client! Please investigate reth and beacon client logs! period=1799.982483958s
2026-02-28T22:13:56.179766Z  INFO node{idx=2}: scroll::db::maintenance: running periodic PRAGMA optimize...
2026-02-28T22:13:56.180689Z  INFO node{idx=2}: scroll::db::maintenance: periodic PRAGMA optimize complete.
2026-02-28T22:13:59.171819Z  INFO node{idx=2}: reth::cli: Status connected_peers=2 latest_block=0
2026-02-28T22:15:09.064284Z  INFO node{idx=0}: reth::cli: Status connected_peers=2 latest_block=0
2026-02-28T22:15:09.213263Z  INFO node{idx=1}: reth::cli: Status connected_peers=2 latest_block=0
2026-02-28T22:15:14.172119Z  INFO node{idx=2}: reth::cli: Status connected_peers=2 latest_block=0
2026-02-28T22:16:24.064452Z  INFO node{idx=0}: reth::cli: Status connected_peers=2 latest_block=0
2026-02-28T22:16:24.212999Z  INFO node{idx=1}: reth::cli: Status connected_peers=2 latest_block=0
2026-02-28T22:16:29.173080Z  INFO node{idx=2}: reth::cli: Status connected_peers=2 latest_block=0
2026-02-28T22:17:39.064191Z  INFO node{idx=0}: reth::cli: Status connected_peers=2 latest_block=0
2026-02-28T22:17:39.213953Z  INFO node{idx=1}: reth::cli: Status connected_peers=2 latest_block=0
2026-02-28T22:17:44.173206Z  INFO node{idx=2}: reth::cli: Status connected_peers=2 latest_block=0
2026-02-28T22:18:51.065927Z  WARN node{idx=0}: reth_node_events::node: Beacon client online, but no consensus updates received for a while. This may be because of a reth error, or an error in the beacon client! Please investigate reth and beacon client logs! period=2099.962479625s
2026-02-28T22:18:51.213691Z  WARN node{idx=1}: reth_node_events::node: Beacon client online, but no consensus updates received for a while. This may be because of a reth error, or an error in the beacon client! Please investigate reth and beacon client logs! period=2099.978500708s
2026-02-28T22:18:54.064186Z  INFO node{idx=0}: reth::cli: Status connected_peers=2 latest_block=0
2026-02-28T22:18:54.214267Z  INFO node{idx=1}: reth::cli: Status connected_peers=2 latest_block=0
2026-02-28T22:18:56.172613Z  WARN node{idx=2}: reth_node_events::node: Beacon client online, but no consensus updates received for a while. This may be because of a reth error, or an error in the beacon client! Please investigate reth and beacon client logs! period=2099.98251125s
2026-02-28T22:18:59.174318Z  INFO node{idx=2}: reth::cli: Status connected_peers=2 latest_block=0
2026-02-28T22:20:09.065339Z  INFO node{idx=0}: reth::cli: Status connected_peers=2 latest_block=0
2026-02-28T22:20:09.214196Z  INFO node{idx=1}: reth::cli: Status connected_peers=2 latest_block=0
2026-02-28T22:20:14.173501Z  INFO node{idx=2}: reth::cli: Status connected_peers=2 latest_block=0
2026-02-28T22:21:24.066164Z  INFO node{idx=0}: reth::cli: Status connected_peers=2 latest_block=0
2026-02-28T22:21:24.214686Z  INFO node{idx=1}: reth::cli: Status connected_peers=2 latest_block=0
2026-02-28T22:21:29.173429Z  INFO node{idx=2}: reth::cli: Status connected_peers=2 latest_block=0
2026-02-28T22:22:39.066245Z  INFO node{idx=0}: reth::cli: Status connected_peers=2 latest_block=0
2026-02-28T22:22:39.214645Z  INFO node{idx=1}: reth::cli: Status connected_peers=2 latest_block=0
2026-02-28T22:22:44.174519Z  INFO node{idx=2}: reth::cli: Status connected_peers=2 latest_block=0
2026-02-28T22:23:51.065306Z  WARN node{idx=0}: reth_node_events::node: Beacon client online, but no consensus updates received for a while. This may be because of a reth error, or an error in the beacon client! Please investigate reth and beacon client logs! period=2399.960828083s
2026-02-28T22:23:51.097898Z  INFO node{idx=0}: scroll::db::maintenance: running periodic PRAGMA optimize...
2026-02-28T22:23:51.099240Z  INFO node{idx=0}: scroll::db::maintenance: periodic PRAGMA optimize complete.
2026-02-28T22:23:51.214703Z  WARN node{idx=1}: reth_node_events::node: Beacon client online, but no consensus updates received for a while. This may be because of a reth error, or an error in the beacon client! Please investigate reth and beacon client logs! period=2399.978484291s
2026-02-28T22:23:51.235936Z  INFO node{idx=1}: scroll::db::maintenance: running periodic PRAGMA optimize...
2026-02-28T22:23:51.237115Z  INFO node{idx=1}: scroll::db::maintenance: periodic PRAGMA optimize complete.
2026-02-28T22:23:54.066642Z  INFO node{idx=0}: reth::cli: Status connected_peers=2 latest_block=0
2026-02-28T22:23:54.215715Z  INFO node{idx=1}: reth::cli: Status connected_peers=2 latest_block=0
2026-02-28T22:23:56.174020Z  WARN node{idx=2}: reth_node_events::node: Beacon client online, but no consensus updates received for a while. This may be because of a reth error, or an error in the beacon client! Please investigate reth and beacon client logs! period=2399.982891208s
2026-02-28T22:23:56.185168Z  INFO node{idx=2}: scroll::db::maintenance: running periodic PRAGMA optimize...
2026-02-28T22:23:56.186160Z  INFO node{idx=2}: scroll::db::maintenance: periodic PRAGMA optimize complete.
2026-02-28T22:23:59.173427Z  INFO node{idx=2}: reth::cli: Status connected_peers=2 latest_block=0
2026-02-28T22:25:09.066823Z  INFO node{idx=0}: reth::cli: Status connected_peers=2 latest_block=0
2026-02-28T22:25:09.215059Z  INFO node{idx=1}: reth::cli: Status connected_peers=2 latest_block=0
2026-02-28T22:25:14.174187Z  INFO node{idx=2}: reth::cli: Status connected_peers=2 latest_block=0
2026-02-28T22:26:24.065683Z  INFO node{idx=0}: reth::cli: Status connected_peers=2 latest_block=0
2026-02-28T22:26:24.215148Z  INFO node{idx=1}: reth::cli: Status connected_peers=2 latest_block=0
2026-02-28T22:26:29.175384Z  INFO node{idx=2}: reth::cli: Status connected_peers=2 latest_block=0
2026-02-28T22:27:39.067354Z  INFO node{idx=0}: reth::cli: Status connected_peers=2 latest_block=0
2026-02-28T22:27:39.215021Z  INFO node{idx=1}: reth::cli: Status connected_peers=2 latest_block=0
2026-02-28T22:27:44.175364Z  INFO node{idx=2}: reth::cli: Status connected_peers=2 latest_block=0
2026-02-28T22:28:51.067531Z  WARN node{idx=0}: reth_node_events::node: Beacon client online, but no consensus updates received for a while. This may be because of a reth error, or an error in the beacon client! Please investigate reth and beacon client logs! period=2699.962020166s
2026-02-28T22:28:51.215793Z  WARN node{idx=1}: reth_node_events::node: Beacon client online, but no consensus updates received for a while. This may be because of a reth error, or an error in the beacon client! Please investigate reth and beacon client logs! period=2699.978548708s
2026-02-28T22:28:54.067838Z  INFO node{idx=0}: reth::cli: Status connected_peers=2 latest_block=0
2026-02-28T22:28:54.216653Z  INFO node{idx=1}: reth::cli: Status connected_peers=2 latest_block=0
2026-02-28T22:28:56.173812Z  WARN node{idx=2}: reth_node_events::node: Beacon client online, but no consensus updates received for a while. This may be because of a reth error, or an error in the beacon client! Please investigate reth and beacon client logs! period=2699.981664375s
2026-02-28T22:28:59.175213Z  INFO node{idx=2}: reth::cli: Status connected_peers=2 latest_block=0
2026-02-28T22:30:09.071711Z  INFO node{idx=0}: reth::cli: Status connected_peers=2 latest_block=0
2026-02-28T22:30:09.220714Z  INFO node{idx=1}: reth::cli: Status connected_peers=2 latest_block=0
2026-02-28T22:30:14.180045Z  INFO node{idx=2}: reth::cli: Status connected_peers=2 latest_block=0
2026-02-28T22:31:24.073024Z  INFO node{idx=0}: reth::cli: Status connected_peers=2 latest_block=0
2026-02-28T22:31:24.221960Z  INFO node{idx=1}: reth::cli: Status connected_peers=2 latest_block=0
2026-02-28T22:31:29.180724Z  INFO node{idx=2}: reth::cli: Status connected_peers=2 latest_block=0
2026-02-28T22:32:39.073101Z  INFO node{idx=0}: reth::cli: Status connected_peers=2 latest_block=0
2026-02-28T22:32:39.221421Z  INFO node{idx=1}: reth::cli: Status connected_peers=2 latest_block=0
2026-02-28T22:32:44.180458Z  INFO node{idx=2}: reth::cli: Status connected_peers=2 latest_block=0
2026-02-28T22:33:51.072896Z  WARN node{idx=0}: reth_node_events::node: Beacon client online, but no consensus updates received for a while. This may be because of a reth error, or an error in the beacon client! Please investigate reth and beacon client logs! period=2999.961677333s
2026-02-28T22:33:51.107994Z  INFO node{idx=0}: scroll::db::maintenance: running periodic PRAGMA optimize...
2026-02-28T22:33:51.110253Z  INFO node{idx=0}: scroll::db::maintenance: periodic PRAGMA optimize complete.
2026-02-28T22:33:51.221746Z  WARN node{idx=1}: reth_node_events::node: Beacon client online, but no consensus updates received for a while. This may be because of a reth error, or an error in the beacon client! Please investigate reth and beacon client logs! period=2999.978780333s
2026-02-28T22:33:51.245429Z  INFO node{idx=1}: scroll::db::maintenance: running periodic PRAGMA optimize...
2026-02-28T22:33:51.248516Z  INFO node{idx=1}: scroll::db::maintenance: periodic PRAGMA optimize complete.
2026-02-28T22:33:54.072921Z  INFO node{idx=0}: reth::cli: Status connected_peers=2 latest_block=0
2026-02-28T22:33:54.221375Z  INFO node{idx=1}: reth::cli: Status connected_peers=2 latest_block=0
2026-02-28T22:33:56.180559Z  WARN node{idx=2}: reth_node_events::node: Beacon client online, but no consensus updates received for a while. This may be because of a reth error, or an error in the beacon client! Please investigate reth and beacon client logs! period=2999.982685125s
2026-02-28T22:33:56.194635Z  INFO node{idx=2}: scroll::db::maintenance: running periodic PRAGMA optimize...
2026-02-28T22:33:56.195454Z  INFO node{idx=2}: scroll::db::maintenance: periodic PRAGMA optimize complete.
2026-02-28T22:33:59.180980Z  INFO node{idx=2}: reth::cli: Status connected_peers=2 latest_block=0
2026-02-28T22:35:09.073625Z  INFO node{idx=0}: reth::cli: Status connected_peers=2 latest_block=0
2026-02-28T22:35:09.221676Z  INFO node{idx=1}: reth::cli: Status connected_peers=2 latest_block=0
2026-02-28T22:35:14.181435Z  INFO node{idx=2}: reth::cli: Status connected_peers=2 latest_block=0
2026-02-28T22:36:24.072692Z  INFO node{idx=0}: reth::cli: Status connected_peers=2 latest_block=0
2026-02-28T22:36:24.222895Z  INFO node{idx=1}: reth::cli: Status connected_peers=2 latest_block=0
2026-02-28T22:36:29.182104Z  INFO node{idx=2}: reth::cli: Status connected_peers=2 latest_block=0
2026-02-28T22:37:39.073136Z  INFO node{idx=0}: reth::cli: Status connected_peers=2 latest_block=0
2026-02-28T22:37:39.223322Z  INFO node{idx=1}: reth::cli: Status connected_peers=2 latest_block=0
2026-02-28T22:37:44.182252Z  INFO node{idx=2}: reth::cli: Status connected_peers=2 latest_block=0
2026-02-28T22:38:51.074750Z  WARN node{idx=0}: reth_node_events::node: Beacon client online, but no consensus updates received for a while. This may be because of a reth error, or an error in the beacon client! Please investigate reth and beacon client logs! period=3299.962292166s
2026-02-28T22:38:51.222887Z  WARN node{idx=1}: reth_node_events::node: Beacon client online, but no consensus updates received for a while. This may be because of a reth error, or an error in the beacon client! Please investigate reth and beacon client logs! period=3299.978703166s
2026-02-28T22:38:52.425759Z  INFO node{idx=0}: reth::cli: Wrote network peers to file peers_file="/var/folders/gn/8krhcpg563g0p6zyjrm6pr_c0000gq/T/reth-test-iZaMJRZv/known-peers.json"
2026-02-28T22:38:52.425764Z  INFO node{idx=2}: reth::cli: Wrote network peers to file peers_file="/var/folders/gn/8krhcpg563g0p6zyjrm6pr_c0000gq/T/reth-test-8ZDUdK4C/known-peers.json"
2026-02-28T22:38:52.425629Z  INFO node{idx=1}: reth::cli: Wrote network peers to file peers_file="/var/folders/gn/8krhcpg563g0p6zyjrm6pr_c0000gq/T/reth-test-cUHZXmTP/known-peers.json"
