2026-03-02T12:33:25.812857Z  INFO node{idx=0}: reth::cli: Saving prune config to toml file
2026-03-02T12:33:25.813638Z  INFO node{idx=0}: reth::cli: Configuration loaded path="/var/folders/gn/8krhcpg563g0p6zyjrm6pr_c0000gq/T/reth-test-BTYrGfAQ/reth.toml"
2026-03-02T12:33:25.816190Z  INFO node{idx=0}: reth::cli: Database opened
2026-03-02T12:33:26.135386Z  INFO node{idx=0}: reth::cli: 
Pre-merge hard forks (block based):
- Homestead                        @0
- Tangerine                        @0
- SpuriousDragon                   @0
- Byzantium                        @0
- Constantinople                   @0
- Petersburg                       @0
- Istanbul                         @0
- Berlin                           @0
- London                           @0
- Archimedes                       @0
- Bernoulli                        @0
- Curie                            @0

Post-merge hard forks (timestamp based):
- Shanghai                         @0
- Darwin                           @0
- DarwinV2                         @0
- Euclid                           @0
- EuclidV2                         @0
- Feynman                          @0
- Galileo                          @0
- GalileoV2                        @0
2026-03-02T12:33:26.142528Z  INFO node{idx=0}: reth::cli: Transaction pool initialized
2026-03-02T12:33:26.456201Z  INFO node{idx=0}: reth::cli: P2P networking initialized enode=enode://68d342edd2921250b59d89277d689bdd07e0068ae80a20b75cf9d6c3f56991b0a46b0b717c925efe7d9f87771d6fd89fc099fded52bd6eebd754be8b882fdc1f@127.0.0.1:51351
2026-03-02T12:33:26.458448Z  INFO node{idx=0}: reth::cli: StaticFileProducer initialized
2026-03-02T12:33:26.460499Z  INFO node{idx=0}: reth::cli: Verifying storage consistency.
2026-03-02T12:33:26.461291Z  INFO node{idx=0}: reth::cli: Pruner initialized prune_config=PruneConfig { block_interval: 5, segments: PruneModes { sender_recovery: None, transaction_lookup: None, receipts: None, account_history: None, storage_history: None, bodies_history: None, receipts_log_filter: ReceiptsLogPruneConfig({}) } }
2026-03-02T12:33:26.461583Z  INFO node{idx=0}: reth::cli: Creating JWT auth secret file path="/var/folders/gn/8krhcpg563g0p6zyjrm6pr_c0000gq/T/reth-test-BTYrGfAQ/jwt.hex"
2026-03-02T12:33:26.464831Z  INFO node{idx=0}: reth::cli: Consensus engine initialized
2026-03-02T12:33:26.465790Z  INFO node{idx=0}: reth::cli: Engine API handler initialized
2026-03-02T12:33:26.471828Z  INFO node{idx=0}: reth::cli: RPC auth server started url=127.0.0.1:51352
2026-03-02T12:33:26.474075Z  INFO node{idx=0}: reth::cli: RPC IPC server started path=/tmp/reth.ipc-zKynQEXO
2026-03-02T12:33:26.474445Z  INFO node{idx=0}: reth::cli: RPC HTTP server started url=127.0.0.1:51353
2026-03-02T12:33:26.474497Z  INFO node{idx=0}: rollup_node::args: Building rollup node with config:
ScrollRollupNodeConfig {
    test: true,
    consensus_args: ConsensusArgs {
        algorithm: Noop,
        authorized_signer: None,
    },
    database_args: RollupNodeDatabaseArgs {
        rn_db_path: None,
    },
    chain_orchestrator_args: ChainOrchestratorArgs {
        optimistic_sync_trigger: 100,
        chain_buffer_size: 100,
    },
    engine_driver_args: EngineDriverArgs {
        sync_at_startup: true,
    },
    blob_provider_args: BlobProviderArgs {
        beacon_node_urls: None,
        s3_url: None,
        anvil_url: None,
        mock: true,
        compute_units_per_second: 0,
        max_retries: 0,
        initial_backoff: 0,
    },
    l1_provider_args: L1ProviderArgs {
        url: None,
        compute_units_per_second: 10000,
        max_retries: 10,
        initial_backoff: 100,
        logs_query_block_range: 500,
        cache_max_items: 100,
    },
    sequencer_args: SequencerArgs {
        sequencer_enabled: true,
        auto_start: false,
        block_time: 100,
        payload_building_duration: 40,
        fee_recipient: 0x0000000000000000000000000000000000000000,
        l1_message_inclusion_mode: BlockDepth(
            0,
        ),
        allow_empty_blocks: true,
        max_l1_messages: None,
    },
    network_args: RollupNodeNetworkArgs {
        enable_eth_scroll_wire_bridge: true,
        enable_scroll_wire: true,
        sequencer_url: None,
        signer_address: None,
    },
    rpc_args: RpcArgs {
        basic_enabled: true,
        admin_enabled: true,
    },
    signer_args: SignerArgs {
        key_file: None,
        aws_kms_key_id: None,
        private_key: None,
    },
    gas_price_oracle_args: RollupNodeGasPriceOracleArgs {
        default_suggested_priority_fee: 0,
    },
    pprof_args: PprofArgs {
        enabled: false,
        addr: 0.0.0.0:6868,
        default_duration: 30,
    },
    database: Some(
        Database {
            database: Retry {
                inner: DatabaseInner {
                    connection: SqlxSqlitePoolConnection,
                    write_lock: Mutex {
                        data: (),
                    },
                    read_locks: Semaphore {
                        ll_sem: Semaphore {
                            permits: 5,
                        },
                        resource_span: Span {
                            name: "runtime.resource",
                            level: Level(
                                Trace,
                            ),
                            target: "tokio::sync::semaphore",
                            disabled: true,
                            module_path: "tokio::sync::semaphore",
                            line: 461,
                            file: "/Users/yiweichi/.cargo/registry/src/index.crates.io-1949cf8c6b5b557f/tokio-1.48.0/src/sync/semaphore.rs",
                        },
                    },
                    metrics: DatabaseMetrics,
                    tmp_dir: None,
                },
                max_retries: None,
                initial_delay_ms: 50,
                exponential_backoff: false,
                metrics: RetryMetrics,
            },
            metrics: {
                PrepareOnStartup: DatabaseOperationMetrics,
                GetL1BlockInfo: DatabaseOperationMetrics,
                RemoveL1BlockInfoLeq: DatabaseOperationMetrics,
                UpdateL1MessagesWithL2Block: DatabaseOperationMetrics,
                GetL2HeadBlockNumber: DatabaseOperationMetrics,
                GetL2BlockAndBatchInfoByHash: DatabaseOperationMetrics,
                GetLatestSafeL2Info: DatabaseOperationMetrics,
                UpdateL1MessagesFromL2Blocks: DatabaseOperationMetrics,
                DeleteBatchesGtBlockNumber: DatabaseOperationMetrics,
                DeleteBatchesGtBatchIndex: DatabaseOperationMetrics,
                InsertL1BlockInfo: DatabaseOperationMetrics,
                RemoveL1BlockInfoGt: DatabaseOperationMetrics,
                InsertBlocks: DatabaseOperationMetrics,
                GetLatestL1BlockNumber: DatabaseOperationMetrics,
                GetNL1Messages: DatabaseOperationMetrics,
                InsertGenesisBlock: DatabaseOperationMetrics,
                GetL2BlockInfoByNumber: DatabaseOperationMetrics,
                GetSignature: DatabaseOperationMetrics,
                GetNL2BlockDataHint: DatabaseOperationMetrics,
                SetL2HeadBlockNumber: DatabaseOperationMetrics,
                GetFinalizedL1BlockNumber: DatabaseOperationMetrics,
                SetProcessedL1BlockNumber: DatabaseOperationMetrics,
                DeleteL2BlocksGtBatchIndex: DatabaseOperationMetrics,
                FinalizeConsolidatedBatches: DatabaseOperationMetrics,
                Unwind: DatabaseOperationMetrics,
                GetHighestBlockForBatchHash: DatabaseOperationMetrics,
                SetBatchRevertBlockNumberForBatchRange: DatabaseOperationMetrics,
                InsertBatchConsolidationOutcome: DatabaseOperationMetrics,
                GetBatchByHash: DatabaseOperationMetrics,
                GetBatchStatusByHash: DatabaseOperationMetrics,
                FetchAndUpdateUnprocessedCommittedBatches: DatabaseOperationMetrics,
                InsertL1Message: DatabaseOperationMetrics,
                FetchAndUpdateUnprocessedFinalizedBatches: DatabaseOperationMetrics,
                DeleteL1MessagesGt: DatabaseOperationMetrics,
                InsertSignature: DatabaseOperationMetrics,
                DeleteBatchFinalizationGtBlockNumber: DatabaseOperationMetrics,
                GetBatchByIndex: DatabaseOperationMetrics,
                InsertBlock: DatabaseOperationMetrics,
                SetFinalizedL1BlockNumber: DatabaseOperationMetrics,
                GetMaxBlockDataHintBlockNumber: DatabaseOperationMetrics,
                ChangeBatchProcessingToCommittedStatus: DatabaseOperationMetrics,
                FinalizeBatchesUpToIndex: DatabaseOperationMetrics,
                GetHighestBlockForBatchIndex: DatabaseOperationMetrics,
                UpdateSkippedL1Messages: DatabaseOperationMetrics,
                GetProcessedL1BlockNumber: DatabaseOperationMetrics,
                UpdateBatchStatus: DatabaseOperationMetrics,
                PurgeL1MessageToL2BlockMappings: DatabaseOperationMetrics,
                GetLatestIndexedEventL1BlockNumber: DatabaseOperationMetrics,
                DeleteL2BlocksGtBlockNumber: DatabaseOperationMetrics,
                DeleteBatchRevertGtBlockNumber: DatabaseOperationMetrics,
                SetLatestL1BlockNumber: DatabaseOperationMetrics,
                InsertBatch: DatabaseOperationMetrics,
                InsertSignatures: DatabaseOperationMetrics,
            },
        },
    ),
}
2026-03-02T12:33:26.484713Z  INFO node{idx=0}: sea_orm_migration::migrator: Applying all pending migrations
2026-03-02T12:33:26.485730Z  INFO node{idx=0}: sea_orm_migration::migrator: Applying migration 'm20220101_000001_create_batch_commit_table'
2026-03-02T12:33:26.487284Z  INFO node{idx=0}: sea_orm_migration::migrator: Migration 'm20220101_000001_create_batch_commit_table' has been applied
2026-03-02T12:33:26.487479Z  INFO node{idx=0}: sea_orm_migration::migrator: Applying migration 'm20250304_125946_add_l1_msg_table'
2026-03-02T12:33:26.488095Z  INFO node{idx=0}: sea_orm_migration::migrator: Migration 'm20250304_125946_add_l1_msg_table' has been applied
2026-03-02T12:33:26.488290Z  INFO node{idx=0}: sea_orm_migration::migrator: Applying migration 'm20250408_132123_add_header_metadata'
2026-03-02T12:33:26.488425Z  INFO node{idx=0}: sea_orm_migration::migrator: Migration 'm20250408_132123_add_header_metadata' has been applied
2026-03-02T12:33:26.488615Z  INFO node{idx=0}: sea_orm_migration::migrator: Applying migration 'm20250408_150338_load_header_metadata'
2026-03-02T12:33:26.488625Z  INFO node{idx=0}: sea_orm_migration::migrator: Migration 'm20250408_150338_load_header_metadata' has been applied
2026-03-02T12:33:26.488708Z  INFO node{idx=0}: sea_orm_migration::migrator: Applying migration 'm20250411_072004_add_l2_block'
2026-03-02T12:33:26.489777Z  INFO node{idx=0}: sea_orm_migration::migrator: Migration 'm20250411_072004_add_l2_block' has been applied
2026-03-02T12:33:26.489971Z  INFO node{idx=0}: sea_orm_migration::migrator: Applying migration 'm20250616_223947_add_metadata'
2026-03-02T12:33:26.490274Z  INFO node{idx=0}: sea_orm_migration::migrator: Migration 'm20250616_223947_add_metadata' has been applied
2026-03-02T12:33:26.490350Z  INFO node{idx=0}: sea_orm_migration::migrator: Applying migration 'm20250904_175949_block_signature'
2026-03-02T12:33:26.490512Z  INFO node{idx=0}: sea_orm_migration::migrator: Migration 'm20250904_175949_block_signature' has been applied
2026-03-02T12:33:26.490709Z  INFO node{idx=0}: sea_orm_migration::migrator: Applying migration 'm20251028_110719_add_l1_block_table'
2026-03-02T12:33:26.490863Z  INFO node{idx=0}: sea_orm_migration::migrator: Migration 'm20251028_110719_add_l1_block_table' has been applied
2026-03-02T12:33:26.511883Z  INFO node{idx=0}: scroll::node::args: Starting engine driver fcs=ForkchoiceState { head: BlockInfo { number: 0, hash: 0x31ad487404525f8260b2d507892547a39850aa0280a2e4950438f444237fe4b7 }, safe: BlockInfo { number: 0, hash: 0x31ad487404525f8260b2d507892547a39850aa0280a2e4950438f444237fe4b7 }, finalized: BlockInfo { number: 0, hash: 0x31ad487404525f8260b2d507892547a39850aa0280a2e4950438f444237fe4b7 } } payload_building_duration=40
2026-03-02T12:33:26.512175Z  INFO node{idx=0}: scroll::providers: Running with mock blob provider - all other blob provider configurations are ignored
2026-03-02T12:33:26.513485Z  INFO scroll::derivation_pipeline: Starting derivation pipeline worker
2026-03-02T12:33:26.513714Z  INFO node{idx=0}: reth::cli: Starting consensus engine
2026-03-02T12:33:26.514886Z  INFO node{idx=0}: reth_node_events::node: Forkchoice updated head_block_hash=0x31ad487404525f8260b2d507892547a39850aa0280a2e4950438f444237fe4b7 safe_block_hash=0x31ad487404525f8260b2d507892547a39850aa0280a2e4950438f444237fe4b7 finalized_block_hash=0x31ad487404525f8260b2d507892547a39850aa0280a2e4950438f444237fe4b7
2026-03-02T12:33:26.519080Z  WARN node{idx=1}: reth_node_builder::launch::common: Failed to build global thread pool err=The global thread pool has already been initialized.
2026-03-02T12:33:26.519437Z  INFO node{idx=1}: reth::cli: Saving prune config to toml file
2026-03-02T12:33:26.519810Z  INFO node{idx=1}: reth::cli: Configuration loaded path="/var/folders/gn/8krhcpg563g0p6zyjrm6pr_c0000gq/T/reth-test-ExVZKSsZ/reth.toml"
2026-03-02T12:33:26.520154Z  INFO node{idx=1}: reth::cli: Database opened
2026-03-02T12:33:26.607383Z  INFO node{idx=1}: reth::cli: 
Pre-merge hard forks (block based):
- Homestead                        @0
- Tangerine                        @0
- SpuriousDragon                   @0
- Byzantium                        @0
- Constantinople                   @0
- Petersburg                       @0
- Istanbul                         @0
- Berlin                           @0
- London                           @0
- Archimedes                       @0
- Bernoulli                        @0
- Curie                            @0

Post-merge hard forks (timestamp based):
- Shanghai                         @0
- Darwin                           @0
- DarwinV2                         @0
- Euclid                           @0
- EuclidV2                         @0
- Feynman                          @0
- Galileo                          @0
- GalileoV2                        @0
2026-03-02T12:33:26.608014Z  INFO node{idx=1}: reth::cli: Transaction pool initialized
2026-03-02T12:33:26.609673Z  INFO node{idx=1}: reth::cli: P2P networking initialized enode=enode://1ff1c09c1caa8fa9327009d46565fa6871ffcce57b560c26b8ef453fa233a3b9a5a7aeeee9ece98d9c83c721950e960dce5cd36637fe73830adc9418af6bb88a@127.0.0.1:51358
2026-03-02T12:33:26.609904Z  INFO node{idx=1}: reth::cli: StaticFileProducer initialized
2026-03-02T12:33:26.610368Z  INFO node{idx=1}: reth::cli: Verifying storage consistency.
2026-03-02T12:33:26.610702Z  INFO node{idx=1}: reth::cli: Pruner initialized prune_config=PruneConfig { block_interval: 5, segments: PruneModes { sender_recovery: None, transaction_lookup: None, receipts: None, account_history: None, storage_history: None, bodies_history: None, receipts_log_filter: ReceiptsLogPruneConfig({}) } }
2026-03-02T12:33:26.610872Z  INFO node{idx=1}: reth::cli: Creating JWT auth secret file path="/var/folders/gn/8krhcpg563g0p6zyjrm6pr_c0000gq/T/reth-test-ExVZKSsZ/jwt.hex"
2026-03-02T12:33:26.611682Z  INFO node{idx=1}: reth::cli: Consensus engine initialized
2026-03-02T12:33:26.611895Z  INFO node{idx=1}: reth::cli: Engine API handler initialized
2026-03-02T12:33:26.614553Z  INFO node{idx=1}: reth::cli: RPC auth server started url=127.0.0.1:51359
2026-03-02T12:33:26.616312Z  INFO node{idx=1}: reth::cli: RPC IPC server started path=/tmp/reth.ipc-iAtGUbRW
2026-03-02T12:33:26.616323Z  INFO node{idx=1}: reth::cli: RPC HTTP server started url=127.0.0.1:51360
2026-03-02T12:33:26.616345Z  INFO node{idx=1}: rollup_node::args: Building rollup node with config:
ScrollRollupNodeConfig {
    test: true,
    consensus_args: ConsensusArgs {
        algorithm: Noop,
        authorized_signer: None,
    },
    database_args: RollupNodeDatabaseArgs {
        rn_db_path: None,
    },
    chain_orchestrator_args: ChainOrchestratorArgs {
        optimistic_sync_trigger: 100,
        chain_buffer_size: 100,
    },
    engine_driver_args: EngineDriverArgs {
        sync_at_startup: true,
    },
    blob_provider_args: BlobProviderArgs {
        beacon_node_urls: None,
        s3_url: None,
        anvil_url: None,
        mock: true,
        compute_units_per_second: 0,
        max_retries: 0,
        initial_backoff: 0,
    },
    l1_provider_args: L1ProviderArgs {
        url: None,
        compute_units_per_second: 10000,
        max_retries: 10,
        initial_backoff: 100,
        logs_query_block_range: 500,
        cache_max_items: 100,
    },
    sequencer_args: SequencerArgs {
        sequencer_enabled: false,
        auto_start: false,
        block_time: 100,
        payload_building_duration: 40,
        fee_recipient: 0x0000000000000000000000000000000000000000,
        l1_message_inclusion_mode: BlockDepth(
            0,
        ),
        allow_empty_blocks: true,
        max_l1_messages: None,
    },
    network_args: RollupNodeNetworkArgs {
        enable_eth_scroll_wire_bridge: true,
        enable_scroll_wire: true,
        sequencer_url: None,
        signer_address: None,
    },
    rpc_args: RpcArgs {
        basic_enabled: true,
        admin_enabled: true,
    },
    signer_args: SignerArgs {
        key_file: None,
        aws_kms_key_id: None,
        private_key: None,
    },
    gas_price_oracle_args: RollupNodeGasPriceOracleArgs {
        default_suggested_priority_fee: 0,
    },
    pprof_args: PprofArgs {
        enabled: false,
        addr: 0.0.0.0:6868,
        default_duration: 30,
    },
    database: Some(
        Database {
            database: Retry {
                inner: DatabaseInner {
                    connection: SqlxSqlitePoolConnection,
                    write_lock: Mutex {
                        data: (),
                    },
                    read_locks: Semaphore {
                        ll_sem: Semaphore {
                            permits: 5,
                        },
                        resource_span: Span {
                            name: "runtime.resource",
                            level: Level(
                                Trace,
                            ),
                            target: "tokio::sync::semaphore",
                            disabled: true,
                            module_path: "tokio::sync::semaphore",
                            line: 461,
                            file: "/Users/yiweichi/.cargo/registry/src/index.crates.io-1949cf8c6b5b557f/tokio-1.48.0/src/sync/semaphore.rs",
                        },
                    },
                    metrics: DatabaseMetrics,
                    tmp_dir: None,
                },
                max_retries: None,
                initial_delay_ms: 50,
                exponential_backoff: false,
                metrics: RetryMetrics,
            },
            metrics: {
                GetFinalizedL1BlockNumber: DatabaseOperationMetrics,
                SetFinalizedL1BlockNumber: DatabaseOperationMetrics,
                GetLatestSafeL2Info: DatabaseOperationMetrics,
                FinalizeConsolidatedBatches: DatabaseOperationMetrics,
                DeleteL2BlocksGtBlockNumber: DatabaseOperationMetrics,
                DeleteL2BlocksGtBatchIndex: DatabaseOperationMetrics,
                GetNL1Messages: DatabaseOperationMetrics,
                GetLatestL1BlockNumber: DatabaseOperationMetrics,
                ChangeBatchProcessingToCommittedStatus: DatabaseOperationMetrics,
                GetBatchByIndex: DatabaseOperationMetrics,
                InsertSignature: DatabaseOperationMetrics,
                SetL2HeadBlockNumber: DatabaseOperationMetrics,
                PurgeL1MessageToL2BlockMappings: DatabaseOperationMetrics,
                FetchAndUpdateUnprocessedFinalizedBatches: DatabaseOperationMetrics,
                DeleteBatchFinalizationGtBlockNumber: DatabaseOperationMetrics,
                InsertBlocks: DatabaseOperationMetrics,
                DeleteL1MessagesGt: DatabaseOperationMetrics,
                RemoveL1BlockInfoLeq: DatabaseOperationMetrics,
                InsertBatch: DatabaseOperationMetrics,
                UpdateL1MessagesFromL2Blocks: DatabaseOperationMetrics,
                GetBatchStatusByHash: DatabaseOperationMetrics,
                UpdateSkippedL1Messages: DatabaseOperationMetrics,
                GetL1BlockInfo: DatabaseOperationMetrics,
                InsertGenesisBlock: DatabaseOperationMetrics,
                GetBatchByHash: DatabaseOperationMetrics,
                GetMaxBlockDataHintBlockNumber: DatabaseOperationMetrics,
                DeleteBatchesGtBlockNumber: DatabaseOperationMetrics,
                FinalizeBatchesUpToIndex: DatabaseOperationMetrics,
                SetLatestL1BlockNumber: DatabaseOperationMetrics,
                DeleteBatchesGtBatchIndex: DatabaseOperationMetrics,
                InsertBatchConsolidationOutcome: DatabaseOperationMetrics,
                SetBatchRevertBlockNumberForBatchRange: DatabaseOperationMetrics,
                Unwind: DatabaseOperationMetrics,
                GetProcessedL1BlockNumber: DatabaseOperationMetrics,
                GetL2HeadBlockNumber: DatabaseOperationMetrics,
                GetL2BlockInfoByNumber: DatabaseOperationMetrics,
                SetProcessedL1BlockNumber: DatabaseOperationMetrics,
                UpdateBatchStatus: DatabaseOperationMetrics,
                InsertL1Message: DatabaseOperationMetrics,
                GetHighestBlockForBatchIndex: DatabaseOperationMetrics,
                GetSignature: DatabaseOperationMetrics,
                GetLatestIndexedEventL1BlockNumber: DatabaseOperationMetrics,
                PrepareOnStartup: DatabaseOperationMetrics,
                GetNL2BlockDataHint: DatabaseOperationMetrics,
                InsertL1BlockInfo: DatabaseOperationMetrics,
                DeleteBatchRevertGtBlockNumber: DatabaseOperationMetrics,
                UpdateL1MessagesWithL2Block: DatabaseOperationMetrics,
                GetL2BlockAndBatchInfoByHash: DatabaseOperationMetrics,
                InsertSignatures: DatabaseOperationMetrics,
                RemoveL1BlockInfoGt: DatabaseOperationMetrics,
                GetHighestBlockForBatchHash: DatabaseOperationMetrics,
                FetchAndUpdateUnprocessedCommittedBatches: DatabaseOperationMetrics,
                InsertBlock: DatabaseOperationMetrics,
            },
        },
    ),
}
2026-03-02T12:33:26.617187Z  INFO node{idx=1}: sea_orm_migration::migrator: Applying all pending migrations
2026-03-02T12:33:26.617603Z  INFO node{idx=1}: sea_orm_migration::migrator: Applying migration 'm20220101_000001_create_batch_commit_table'
2026-03-02T12:33:26.619030Z  INFO node{idx=1}: sea_orm_migration::migrator: Migration 'm20220101_000001_create_batch_commit_table' has been applied
2026-03-02T12:33:26.619205Z  INFO node{idx=1}: sea_orm_migration::migrator: Applying migration 'm20250304_125946_add_l1_msg_table'
2026-03-02T12:33:26.619782Z  INFO node{idx=1}: sea_orm_migration::migrator: Migration 'm20250304_125946_add_l1_msg_table' has been applied
2026-03-02T12:33:26.619967Z  INFO node{idx=1}: sea_orm_migration::migrator: Applying migration 'm20250408_132123_add_header_metadata'
2026-03-02T12:33:26.620108Z  INFO node{idx=1}: sea_orm_migration::migrator: Migration 'm20250408_132123_add_header_metadata' has been applied
2026-03-02T12:33:26.620287Z  INFO node{idx=1}: sea_orm_migration::migrator: Applying migration 'm20250408_150338_load_header_metadata'
2026-03-02T12:33:26.620297Z  INFO node{idx=1}: sea_orm_migration::migrator: Migration 'm20250408_150338_load_header_metadata' has been applied
2026-03-02T12:33:26.620380Z  INFO node{idx=1}: sea_orm_migration::migrator: Applying migration 'm20250411_072004_add_l2_block'
2026-03-02T12:33:26.621534Z  INFO node{idx=1}: sea_orm_migration::migrator: Migration 'm20250411_072004_add_l2_block' has been applied
2026-03-02T12:33:26.621763Z  INFO node{idx=1}: sea_orm_migration::migrator: Applying migration 'm20250616_223947_add_metadata'
2026-03-02T12:33:26.622098Z  INFO node{idx=1}: sea_orm_migration::migrator: Migration 'm20250616_223947_add_metadata' has been applied
2026-03-02T12:33:26.622187Z  INFO node{idx=1}: sea_orm_migration::migrator: Applying migration 'm20250904_175949_block_signature'
2026-03-02T12:33:26.622357Z  INFO node{idx=1}: sea_orm_migration::migrator: Migration 'm20250904_175949_block_signature' has been applied
2026-03-02T12:33:26.622569Z  INFO node{idx=1}: sea_orm_migration::migrator: Applying migration 'm20251028_110719_add_l1_block_table'
2026-03-02T12:33:26.622727Z  INFO node{idx=1}: sea_orm_migration::migrator: Migration 'm20251028_110719_add_l1_block_table' has been applied
2026-03-02T12:33:26.629183Z  INFO node{idx=1}: scroll::node::args: Starting engine driver fcs=ForkchoiceState { head: BlockInfo { number: 0, hash: 0x31ad487404525f8260b2d507892547a39850aa0280a2e4950438f444237fe4b7 }, safe: BlockInfo { number: 0, hash: 0x31ad487404525f8260b2d507892547a39850aa0280a2e4950438f444237fe4b7 }, finalized: BlockInfo { number: 0, hash: 0x31ad487404525f8260b2d507892547a39850aa0280a2e4950438f444237fe4b7 } } payload_building_duration=40
2026-03-02T12:33:26.629217Z  INFO node{idx=1}: scroll::providers: Running with mock blob provider - all other blob provider configurations are ignored
2026-03-02T12:33:26.630065Z  INFO node{idx=1}: reth::cli: Starting consensus engine
2026-03-02T12:33:26.630158Z  INFO scroll::derivation_pipeline: Starting derivation pipeline worker
2026-03-02T12:33:26.630383Z  INFO node{idx=1}: reth_node_events::node: Forkchoice updated head_block_hash=0x31ad487404525f8260b2d507892547a39850aa0280a2e4950438f444237fe4b7 safe_block_hash=0x31ad487404525f8260b2d507892547a39850aa0280a2e4950438f444237fe4b7 finalized_block_hash=0x31ad487404525f8260b2d507892547a39850aa0280a2e4950438f444237fe4b7
2026-03-02T12:33:29.466851Z  INFO node{idx=0}: reth::cli: Status connected_peers=0 latest_block=0
2026-03-02T12:33:29.613432Z  INFO node{idx=1}: reth::cli: Status connected_peers=0 latest_block=0
2026-03-02T12:33:31.472193Z  INFO node{idx=1}: reth_e2e_test_utils::network: Session established with peer: 0x68d342edd2921250b59d89277d689bdd07e0068ae80a20b75cf9d6c3f56991b0a46b0b717c925efe7d9f87771d6fd89fc099fded52bd6eebd754be8b882fdc1f
2026-03-02T12:33:31.472748Z  INFO node{idx=1}: reth_e2e_test_utils::network: Session established with peer: 0x1ff1c09c1caa8fa9327009d46565fa6871ffcce57b560c26b8ef453fa233a3b9a5a7aeeee9ece98d9c83c721950e960dce5cd36637fe73830adc9418af6bb88a
2026-03-02T12:33:31.478486Z  WARN node{idx=2}: reth_node_builder::launch::common: Failed to build global thread pool err=The global thread pool has already been initialized.
2026-03-02T12:33:31.478981Z  INFO node{idx=2}: reth::cli: Saving prune config to toml file
2026-03-02T12:33:31.479376Z  INFO node{idx=2}: reth::cli: Configuration loaded path="/var/folders/gn/8krhcpg563g0p6zyjrm6pr_c0000gq/T/reth-test-E87A3wU3/reth.toml"
2026-03-02T12:33:31.479791Z  INFO node{idx=2}: reth::cli: Database opened
2026-03-02T12:33:31.568702Z  INFO node{idx=2}: reth::cli: 
Pre-merge hard forks (block based):
- Homestead                        @0
- Tangerine                        @0
- SpuriousDragon                   @0
- Byzantium                        @0
- Constantinople                   @0
- Petersburg                       @0
- Istanbul                         @0
- Berlin                           @0
- London                           @0
- Archimedes                       @0
- Bernoulli                        @0
- Curie                            @0

Post-merge hard forks (timestamp based):
- Shanghai                         @0
- Darwin                           @0
- DarwinV2                         @0
- Euclid                           @0
- EuclidV2                         @0
- Feynman                          @0
- Galileo                          @0
- GalileoV2                        @0
2026-03-02T12:33:31.569648Z  INFO node{idx=2}: reth::cli: Transaction pool initialized
2026-03-02T12:33:31.571984Z  INFO node{idx=2}: reth::cli: P2P networking initialized enode=enode://871a1b8b805b16f5d2bf85bbb4f144bb39b7175d725d42e8aa0e7903d936b1d9a0fdf6127430eb80df48fcdd749dd721fd87f1d4ade03e17ce932a79196aade3@127.0.0.1:51367
2026-03-02T12:33:31.572301Z  INFO node{idx=2}: reth::cli: StaticFileProducer initialized
2026-03-02T12:33:31.572919Z  INFO node{idx=2}: reth::cli: Verifying storage consistency.
2026-03-02T12:33:31.573337Z  INFO node{idx=2}: reth::cli: Pruner initialized prune_config=PruneConfig { block_interval: 5, segments: PruneModes { sender_recovery: None, transaction_lookup: None, receipts: None, account_history: None, storage_history: None, bodies_history: None, receipts_log_filter: ReceiptsLogPruneConfig({}) } }
2026-03-02T12:33:31.573561Z  INFO node{idx=2}: reth::cli: Creating JWT auth secret file path="/var/folders/gn/8krhcpg563g0p6zyjrm6pr_c0000gq/T/reth-test-E87A3wU3/jwt.hex"
2026-03-02T12:33:31.574721Z  INFO node{idx=2}: reth::cli: Consensus engine initialized
2026-03-02T12:33:31.574976Z  INFO node{idx=2}: reth::cli: Engine API handler initialized
2026-03-02T12:33:31.578376Z  INFO node{idx=2}: reth::cli: RPC auth server started url=127.0.0.1:51368
2026-03-02T12:33:31.580586Z  INFO node{idx=2}: reth::cli: RPC IPC server started path=/tmp/reth.ipc-3xCrUmZj
2026-03-02T12:33:31.580599Z  INFO node{idx=2}: reth::cli: RPC HTTP server started url=127.0.0.1:51369
2026-03-02T12:33:31.580628Z  INFO node{idx=2}: rollup_node::args: Building rollup node with config:
ScrollRollupNodeConfig {
    test: true,
    consensus_args: ConsensusArgs {
        algorithm: Noop,
        authorized_signer: None,
    },
    database_args: RollupNodeDatabaseArgs {
        rn_db_path: None,
    },
    chain_orchestrator_args: ChainOrchestratorArgs {
        optimistic_sync_trigger: 100,
        chain_buffer_size: 100,
    },
    engine_driver_args: EngineDriverArgs {
        sync_at_startup: true,
    },
    blob_provider_args: BlobProviderArgs {
        beacon_node_urls: None,
        s3_url: None,
        anvil_url: None,
        mock: true,
        compute_units_per_second: 0,
        max_retries: 0,
        initial_backoff: 0,
    },
    l1_provider_args: L1ProviderArgs {
        url: None,
        compute_units_per_second: 10000,
        max_retries: 10,
        initial_backoff: 100,
        logs_query_block_range: 500,
        cache_max_items: 100,
    },
    sequencer_args: SequencerArgs {
        sequencer_enabled: false,
        auto_start: false,
        block_time: 100,
        payload_building_duration: 40,
        fee_recipient: 0x0000000000000000000000000000000000000000,
        l1_message_inclusion_mode: BlockDepth(
            0,
        ),
        allow_empty_blocks: true,
        max_l1_messages: None,
    },
    network_args: RollupNodeNetworkArgs {
        enable_eth_scroll_wire_bridge: true,
        enable_scroll_wire: true,
        sequencer_url: None,
        signer_address: None,
    },
    rpc_args: RpcArgs {
        basic_enabled: true,
        admin_enabled: true,
    },
    signer_args: SignerArgs {
        key_file: None,
        aws_kms_key_id: None,
        private_key: None,
    },
    gas_price_oracle_args: RollupNodeGasPriceOracleArgs {
        default_suggested_priority_fee: 0,
    },
    pprof_args: PprofArgs {
        enabled: false,
        addr: 0.0.0.0:6868,
        default_duration: 30,
    },
    database: Some(
        Database {
            database: Retry {
                inner: DatabaseInner {
                    connection: SqlxSqlitePoolConnection,
                    write_lock: Mutex {
                        data: (),
                    },
                    read_locks: Semaphore {
                        ll_sem: Semaphore {
                            permits: 5,
                        },
                        resource_span: Span {
                            name: "runtime.resource",
                            level: Level(
                                Trace,
                            ),
                            target: "tokio::sync::semaphore",
                            disabled: true,
                            module_path: "tokio::sync::semaphore",
                            line: 461,
                            file: "/Users/yiweichi/.cargo/registry/src/index.crates.io-1949cf8c6b5b557f/tokio-1.48.0/src/sync/semaphore.rs",
                        },
                    },
                    metrics: DatabaseMetrics,
                    tmp_dir: None,
                },
                max_retries: None,
                initial_delay_ms: 50,
                exponential_backoff: false,
                metrics: RetryMetrics,
            },
            metrics: {
                GetL1BlockInfo: DatabaseOperationMetrics,
                FetchAndUpdateUnprocessedFinalizedBatches: DatabaseOperationMetrics,
                SetL2HeadBlockNumber: DatabaseOperationMetrics,
                InsertGenesisBlock: DatabaseOperationMetrics,
                ChangeBatchProcessingToCommittedStatus: DatabaseOperationMetrics,
                SetFinalizedL1BlockNumber: DatabaseOperationMetrics,
                InsertBlocks: DatabaseOperationMetrics,
                Unwind: DatabaseOperationMetrics,
                SetLatestL1BlockNumber: DatabaseOperationMetrics,
                InsertSignature: DatabaseOperationMetrics,
                GetBatchByHash: DatabaseOperationMetrics,
                GetLatestL1BlockNumber: DatabaseOperationMetrics,
                GetL2HeadBlockNumber: DatabaseOperationMetrics,
                GetL2BlockInfoByNumber: DatabaseOperationMetrics,
                DeleteL1MessagesGt: DatabaseOperationMetrics,
                DeleteBatchFinalizationGtBlockNumber: DatabaseOperationMetrics,
                PrepareOnStartup: DatabaseOperationMetrics,
                DeleteL2BlocksGtBlockNumber: DatabaseOperationMetrics,
                DeleteBatchRevertGtBlockNumber: DatabaseOperationMetrics,
                DeleteL2BlocksGtBatchIndex: DatabaseOperationMetrics,
                InsertBlock: DatabaseOperationMetrics,
                DeleteBatchesGtBlockNumber: DatabaseOperationMetrics,
                RemoveL1BlockInfoGt: DatabaseOperationMetrics,
                GetFinalizedL1BlockNumber: DatabaseOperationMetrics,
                UpdateBatchStatus: DatabaseOperationMetrics,
                GetLatestSafeL2Info: DatabaseOperationMetrics,
                PurgeL1MessageToL2BlockMappings: DatabaseOperationMetrics,
                GetNL2BlockDataHint: DatabaseOperationMetrics,
                GetHighestBlockForBatchHash: DatabaseOperationMetrics,
                InsertL1BlockInfo: DatabaseOperationMetrics,
                GetProcessedL1BlockNumber: DatabaseOperationMetrics,
                GetHighestBlockForBatchIndex: DatabaseOperationMetrics,
                UpdateL1MessagesFromL2Blocks: DatabaseOperationMetrics,
                DeleteBatchesGtBatchIndex: DatabaseOperationMetrics,
                UpdateL1MessagesWithL2Block: DatabaseOperationMetrics,
                SetBatchRevertBlockNumberForBatchRange: DatabaseOperationMetrics,
                GetNL1Messages: DatabaseOperationMetrics,
                FinalizeConsolidatedBatches: DatabaseOperationMetrics,
                GetMaxBlockDataHintBlockNumber: DatabaseOperationMetrics,
                FetchAndUpdateUnprocessedCommittedBatches: DatabaseOperationMetrics,
                InsertL1Message: DatabaseOperationMetrics,
                InsertBatch: DatabaseOperationMetrics,
                SetProcessedL1BlockNumber: DatabaseOperationMetrics,
                GetBatchByIndex: DatabaseOperationMetrics,
                InsertSignatures: DatabaseOperationMetrics,
                GetBatchStatusByHash: DatabaseOperationMetrics,
                UpdateSkippedL1Messages: DatabaseOperationMetrics,
                GetLatestIndexedEventL1BlockNumber: DatabaseOperationMetrics,
                GetL2BlockAndBatchInfoByHash: DatabaseOperationMetrics,
                GetSignature: DatabaseOperationMetrics,
                FinalizeBatchesUpToIndex: DatabaseOperationMetrics,
                InsertBatchConsolidationOutcome: DatabaseOperationMetrics,
                RemoveL1BlockInfoLeq: DatabaseOperationMetrics,
            },
        },
    ),
}
2026-03-02T12:33:31.581813Z  INFO node{idx=2}: sea_orm_migration::migrator: Applying all pending migrations
2026-03-02T12:33:31.582387Z  INFO node{idx=2}: sea_orm_migration::migrator: Applying migration 'm20220101_000001_create_batch_commit_table'
2026-03-02T12:33:31.584272Z  INFO node{idx=2}: sea_orm_migration::migrator: Migration 'm20220101_000001_create_batch_commit_table' has been applied
2026-03-02T12:33:31.584492Z  INFO node{idx=2}: sea_orm_migration::migrator: Applying migration 'm20250304_125946_add_l1_msg_table'
2026-03-02T12:33:31.585384Z  INFO node{idx=2}: sea_orm_migration::migrator: Migration 'm20250304_125946_add_l1_msg_table' has been applied
2026-03-02T12:33:31.585653Z  INFO node{idx=2}: sea_orm_migration::migrator: Applying migration 'm20250408_132123_add_header_metadata'
2026-03-02T12:33:31.585856Z  INFO node{idx=2}: sea_orm_migration::migrator: Migration 'm20250408_132123_add_header_metadata' has been applied
2026-03-02T12:33:31.586097Z  INFO node{idx=2}: sea_orm_migration::migrator: Applying migration 'm20250408_150338_load_header_metadata'
2026-03-02T12:33:31.586110Z  INFO node{idx=2}: sea_orm_migration::migrator: Migration 'm20250408_150338_load_header_metadata' has been applied
2026-03-02T12:33:31.586219Z  INFO node{idx=2}: sea_orm_migration::migrator: Applying migration 'm20250411_072004_add_l2_block'
2026-03-02T12:33:31.587769Z  INFO node{idx=2}: sea_orm_migration::migrator: Migration 'm20250411_072004_add_l2_block' has been applied
2026-03-02T12:33:31.588086Z  INFO node{idx=2}: sea_orm_migration::migrator: Applying migration 'm20250616_223947_add_metadata'
2026-03-02T12:33:31.588519Z  INFO node{idx=2}: sea_orm_migration::migrator: Migration 'm20250616_223947_add_metadata' has been applied
2026-03-02T12:33:31.588624Z  INFO node{idx=2}: sea_orm_migration::migrator: Applying migration 'm20250904_175949_block_signature'
2026-03-02T12:33:31.588837Z  INFO node{idx=2}: sea_orm_migration::migrator: Migration 'm20250904_175949_block_signature' has been applied
2026-03-02T12:33:31.589095Z  INFO node{idx=2}: sea_orm_migration::migrator: Applying migration 'm20251028_110719_add_l1_block_table'
2026-03-02T12:33:31.589287Z  INFO node{idx=2}: sea_orm_migration::migrator: Migration 'm20251028_110719_add_l1_block_table' has been applied
2026-03-02T12:33:31.597237Z  INFO node{idx=2}: scroll::node::args: Starting engine driver fcs=ForkchoiceState { head: BlockInfo { number: 0, hash: 0x31ad487404525f8260b2d507892547a39850aa0280a2e4950438f444237fe4b7 }, safe: BlockInfo { number: 0, hash: 0x31ad487404525f8260b2d507892547a39850aa0280a2e4950438f444237fe4b7 }, finalized: BlockInfo { number: 0, hash: 0x31ad487404525f8260b2d507892547a39850aa0280a2e4950438f444237fe4b7 } } payload_building_duration=40
2026-03-02T12:33:31.597270Z  INFO node{idx=2}: scroll::providers: Running with mock blob provider - all other blob provider configurations are ignored
2026-03-02T12:33:31.598247Z  INFO node{idx=2}: reth::cli: Starting consensus engine
2026-03-02T12:33:31.598321Z  INFO scroll::derivation_pipeline: Starting derivation pipeline worker
2026-03-02T12:33:31.598603Z  INFO node{idx=2}: reth_node_events::node: Forkchoice updated head_block_hash=0x31ad487404525f8260b2d507892547a39850aa0280a2e4950438f444237fe4b7 safe_block_hash=0x31ad487404525f8260b2d507892547a39850aa0280a2e4950438f444237fe4b7 finalized_block_hash=0x31ad487404525f8260b2d507892547a39850aa0280a2e4950438f444237fe4b7
2026-03-02T12:33:31.617418Z  INFO node{idx=2}: reth_e2e_test_utils::network: Session established with peer: 0x1ff1c09c1caa8fa9327009d46565fa6871ffcce57b560c26b8ef453fa233a3b9a5a7aeeee9ece98d9c83c721950e960dce5cd36637fe73830adc9418af6bb88a
2026-03-02T12:33:31.617845Z  INFO node{idx=2}: reth_e2e_test_utils::network: Session established with peer: 0x871a1b8b805b16f5d2bf85bbb4f144bb39b7175d725d42e8aa0e7903d936b1d9a0fdf6127430eb80df48fcdd749dd721fd87f1d4ade03e17ce932a79196aade3
2026-03-02T12:33:34.576380Z  INFO node{idx=2}: reth::cli: Status connected_peers=1 latest_block=0
2026-03-02T12:33:36.582596Z  INFO node{idx=2}: reth_e2e_test_utils::network: Session established with peer: 0x871a1b8b805b16f5d2bf85bbb4f144bb39b7175d725d42e8aa0e7903d936b1d9a0fdf6127430eb80df48fcdd749dd721fd87f1d4ade03e17ce932a79196aade3
2026-03-02T12:33:36.583248Z  INFO node{idx=2}: reth_e2e_test_utils::network: Session established with peer: 0x68d342edd2921250b59d89277d689bdd07e0068ae80a20b75cf9d6c3f56991b0a46b0b717c925efe7d9f87771d6fd89fc099fded52bd6eebd754be8b882fdc1f
2026-03-02T12:34:13.640892Z  INFO node{idx=1}: reth::cli: Wrote network peers to file peers_file="/var/folders/gn/8krhcpg563g0p6zyjrm6pr_c0000gq/T/reth-test-ExVZKSsZ/known-peers.json"
2026-03-02T12:34:13.640899Z  INFO node{idx=2}: reth::cli: Wrote network peers to file peers_file="/var/folders/gn/8krhcpg563g0p6zyjrm6pr_c0000gq/T/reth-test-E87A3wU3/known-peers.json"
2026-03-02T12:34:13.640974Z  INFO node{idx=0}: reth::cli: Wrote network peers to file peers_file="/var/folders/gn/8krhcpg563g0p6zyjrm6pr_c0000gq/T/reth-test-BTYrGfAQ/known-peers.json"
